2025-05-13 18:51:44.664 [info] [main] Log level: Info
2025-05-13 18:51:44.664 [info] [main] Validating found git in: "git"
2025-05-13 18:51:44.664 [info] [main] Using git "2.39.5" from "git"
2025-05-13 18:51:44.664 [info] [Model][doInitialScan] Initial repository scan started
2025-05-13 18:51:44.664 [info] > git rev-parse --show-toplevel [4ms]
2025-05-13 18:51:44.664 [info] fatal: not a git repository (or any parent up to mount point /home)
Stopping at filesystem boundary (GIT_DISCOVERY_ACROSS_FILESYSTEM not set).
2025-05-13 18:51:44.665 [info] > git rev-parse --show-toplevel [2ms]
2025-05-13 18:51:44.665 [info] fatal: not a git repository (or any parent up to mount point /home)
Stopping at filesystem boundary (GIT_DISCOVERY_ACROSS_FILESYSTEM not set).
2025-05-13 18:51:44.735 [info] > git rev-parse --show-toplevel [66ms]
2025-05-13 18:51:44.735 [info] fatal: not a git repository (or any parent up to mount point /home)
Stopping at filesystem boundary (GIT_DISCOVERY_ACROSS_FILESYSTEM not set).
2025-05-13 18:51:44.744 [info] > git rev-parse --show-toplevel [3ms]
2025-05-13 18:51:44.744 [info] fatal: not a git repository (or any parent up to mount point /home)
Stopping at filesystem boundary (GIT_DISCOVERY_ACROSS_FILESYSTEM not set).
2025-05-13 18:51:44.751 [info] > git rev-parse --show-toplevel [3ms]
2025-05-13 18:51:44.758 [info] > git rev-parse --git-dir --git-common-dir [2ms]
2025-05-13 18:51:44.781 [info] [Model][openRepository] Opened repository (path): /home/coder/.oh-my-zsh
2025-05-13 18:51:44.781 [info] [Model][openRepository] Opened repository (real path): /home/coder/.oh-my-zsh
2025-05-13 18:51:44.794 [info] > git config --get commit.template [5ms]
2025-05-13 18:51:44.795 [info] > git rev-parse --show-toplevel [3ms]
2025-05-13 18:51:44.795 [info] fatal: not a git repository (or any parent up to mount point /home)
Stopping at filesystem boundary (GIT_DISCOVERY_ACROSS_FILESYSTEM not set).
2025-05-13 18:51:44.801 [info] [Model][doInitialScan] Initial repository scan completed - repositories (1), closed repositories (0), parent repositories (0), unsafe repositories (0)
2025-05-13 18:51:44.808 [info] > git for-each-ref --format=%(refname)%00%(upstream:short)%00%(objectname)%00%(upstream:track)%00%(upstream:remotename)%00%(upstream:remoteref) refs/heads/master refs/remotes/master [3ms]
2025-05-13 18:51:44.826 [info] > git for-each-ref --sort -committerdate --format %(refname)%00%(objectname)%00%(*objectname) [3ms]
2025-05-13 18:51:44.890 [info] > git status -z -uall [72ms]
2025-05-13 18:51:44.933 [info] > git for-each-ref --format=%(refname)%00%(upstream:short)%00%(objectname)%00%(upstream:track)%00%(upstream:remotename)%00%(upstream:remoteref) refs/heads/master refs/remotes/master [9ms]
2025-05-13 18:51:44.939 [info] > git config --get commit.template [6ms]
2025-05-13 18:51:44.940 [info] > git config --get --local branch.master.vscode-merge-base [3ms]
2025-05-13 18:51:44.950 [info] > git for-each-ref --format=%(refname)%00%(upstream:short)%00%(objectname)%00%(upstream:track)%00%(upstream:remotename)%00%(upstream:remoteref) refs/heads/origin/master refs/remotes/origin/master [5ms]
2025-05-13 18:51:44.957 [info] > git for-each-ref --format=%(refname)%00%(upstream:short)%00%(objectname)%00%(upstream:track)%00%(upstream:remotename)%00%(upstream:remoteref) refs/heads/master refs/remotes/master [9ms]
2025-05-13 18:51:45.001 [info] > git merge-base refs/heads/master refs/remotes/origin/master [46ms]
2025-05-13 18:51:45.013 [info] > git diff --name-status -z --diff-filter=ADMR c34c1da736f4f162206e1153e66850788f3e2e16...refs/remotes/origin/master [8ms]
2025-05-13 18:51:45.015 [info] > git for-each-ref --sort -committerdate --format %(refname)%00%(objectname)%00%(*objectname) [3ms]
2025-05-13 18:51:45.081 [info] > git status -z -uall [72ms]
2025-05-13 18:51:45.335 [info] > git check-ignore -v -z --stdin [2ms]
2025-05-13 18:51:45.479 [info] > git rev-parse --show-toplevel [2ms]
2025-05-13 18:51:45.479 [info] fatal: not a git repository (or any parent up to mount point /home)
Stopping at filesystem boundary (GIT_DISCOVERY_ACROSS_FILESYSTEM not set).
2025-05-13 18:51:47.564 [info] > git rev-parse --show-toplevel [2ms]
2025-05-13 18:51:47.564 [info] fatal: not a git repository (or any parent up to mount point /home)
Stopping at filesystem boundary (GIT_DISCOVERY_ACROSS_FILESYSTEM not set).
