2025-05-14 04:32:13.423 [info] [main] Log level: Info
2025-05-14 04:32:13.423 [info] [main] Validating found git in: "git"
2025-05-14 04:32:13.423 [info] [main] Using git "2.39.5" from "git"
2025-05-14 04:32:13.423 [info] [Model][doInitialScan] Initial repository scan started
2025-05-14 04:32:13.423 [info] > git rev-parse --show-toplevel [2ms]
2025-05-14 04:32:13.423 [info] fatal: not a git repository (or any parent up to mount point /home)
Stopping at filesystem boundary (GIT_DISCOVERY_ACROSS_FILESYSTEM not set).
2025-05-14 04:32:13.423 [info] > git rev-parse --show-toplevel [1ms]
2025-05-14 04:32:13.423 [info] fatal: not a git repository (or any parent up to mount point /home)
Stopping at filesystem boundary (GIT_DISCOVERY_ACROSS_FILESYSTEM not set).
2025-05-14 04:32:13.423 [info] > git rev-parse --show-toplevel [2ms]
2025-05-14 04:32:13.423 [info] fatal: not a git repository (or any parent up to mount point /home)
Stopping at filesystem boundary (GIT_DISCOVERY_ACROSS_FILESYSTEM not set).
2025-05-14 04:32:13.423 [info] > git rev-parse --show-toplevel [2ms]
2025-05-14 04:32:13.423 [info] fatal: not a git repository (or any parent up to mount point /home)
Stopping at filesystem boundary (GIT_DISCOVERY_ACROSS_FILESYSTEM not set).
2025-05-14 04:32:13.423 [info] > git rev-parse --show-toplevel [2ms]
2025-05-14 04:32:13.423 [info] > git rev-parse --git-dir --git-common-dir [2ms]
2025-05-14 04:32:13.423 [info] [Model][openRepository] Opened repository (path): /home/coder/.oh-my-zsh
2025-05-14 04:32:13.423 [info] [Model][openRepository] Opened repository (real path): /home/coder/.oh-my-zsh
2025-05-14 04:32:13.423 [info] > git config --get commit.template [5ms]
2025-05-14 04:32:13.423 [info] > git rev-parse --show-toplevel [3ms]
2025-05-14 04:32:13.423 [info] fatal: not a git repository (or any parent up to mount point /home)
Stopping at filesystem boundary (GIT_DISCOVERY_ACROSS_FILESYSTEM not set).
2025-05-14 04:32:13.423 [info] [Model][doInitialScan] Initial repository scan completed - repositories (1), closed repositories (0), parent repositories (0), unsafe repositories (0)
2025-05-14 04:32:13.425 [info] > git for-each-ref --format=%(refname)%00%(upstream:short)%00%(objectname)%00%(upstream:track)%00%(upstream:remotename)%00%(upstream:remoteref) refs/heads/master refs/remotes/master [4ms]
2025-05-14 04:32:13.440 [info] > git for-each-ref --sort -committerdate --format %(refname)%00%(objectname)%00%(*objectname) [2ms]
2025-05-14 04:32:13.505 [info] > git status -z -uall [72ms]
2025-05-14 04:32:13.566 [info] > git for-each-ref --format=%(refname)%00%(upstream:short)%00%(objectname)%00%(upstream:track)%00%(upstream:remotename)%00%(upstream:remoteref) refs/heads/master refs/remotes/master [9ms]
2025-05-14 04:32:13.572 [info] > git config --get commit.template [7ms]
2025-05-14 04:32:13.573 [info] > git config --get --local branch.master.vscode-merge-base [3ms]
2025-05-14 04:32:13.582 [info] > git for-each-ref --format=%(refname)%00%(upstream:short)%00%(objectname)%00%(upstream:track)%00%(upstream:remotename)%00%(upstream:remoteref) refs/heads/origin/master refs/remotes/origin/master [5ms]
2025-05-14 04:32:13.589 [info] > git for-each-ref --format=%(refname)%00%(upstream:short)%00%(objectname)%00%(upstream:track)%00%(upstream:remotename)%00%(upstream:remoteref) refs/heads/master refs/remotes/master [8ms]
2025-05-14 04:32:13.590 [info] > git merge-base refs/heads/master refs/remotes/origin/master [3ms]
2025-05-14 04:32:13.619 [info] > git for-each-ref --sort -committerdate --format %(refname)%00%(objectname)%00%(*objectname) [17ms]
2025-05-14 04:32:13.620 [info] > git diff --name-status -z --diff-filter=ADMR c34c1da736f4f162206e1153e66850788f3e2e16...refs/remotes/origin/master [26ms]
2025-05-14 04:32:13.670 [info] > git status -z -uall [71ms]
2025-05-14 04:32:13.911 [info] > git check-ignore -v -z --stdin [2ms]
2025-05-14 04:32:16.851 [info] > git rev-parse --show-toplevel [129ms]
2025-05-14 04:32:16.851 [info] fatal: not a git repository (or any parent up to mount point /home)
Stopping at filesystem boundary (GIT_DISCOVERY_ACROSS_FILESYSTEM not set).
2025-05-14 04:32:18.594 [info] > git rev-parse --show-toplevel [3ms]
2025-05-14 04:32:18.594 [info] fatal: not a git repository (or any parent up to mount point /home)
Stopping at filesystem boundary (GIT_DISCOVERY_ACROSS_FILESYSTEM not set).
2025-05-14 04:33:53.847 [info] > git rev-parse --show-toplevel [4ms]
2025-05-14 04:33:53.847 [info] fatal: not a git repository (or any parent up to mount point /home)
Stopping at filesystem boundary (GIT_DISCOVERY_ACROSS_FILESYSTEM not set).
2025-05-14 04:36:13.868 [info] > git rev-parse --show-toplevel [3ms]
2025-05-14 04:36:13.868 [info] fatal: not a git repository (or any parent up to mount point /home)
Stopping at filesystem boundary (GIT_DISCOVERY_ACROSS_FILESYSTEM not set).
2025-05-14 04:36:17.273 [info] > git rev-parse --show-toplevel [2ms]
2025-05-14 04:36:17.273 [info] fatal: not a git repository (or any parent up to mount point /home)
Stopping at filesystem boundary (GIT_DISCOVERY_ACROSS_FILESYSTEM not set).
2025-05-14 04:38:00.534 [info] > git check-ignore -v -z --stdin [4ms]
