2025-05-13 17:43:48.107 [info] [main] Log level: Info
2025-05-13 17:43:48.107 [info] [main] Validating found git in: "git"
2025-05-13 17:43:48.107 [info] [main] Using git "2.39.5" from "git"
2025-05-13 17:43:48.107 [info] [Model][doInitialScan] Initial repository scan started
2025-05-13 17:43:48.107 [info] > git rev-parse --show-toplevel [9ms]
2025-05-13 17:43:48.107 [info] fatal: not a git repository (or any parent up to mount point /home)
Stopping at filesystem boundary (GIT_DISCOVERY_ACROSS_FILESYSTEM not set).
2025-05-13 17:43:48.107 [info] > git rev-parse --show-toplevel [4ms]
2025-05-13 17:43:48.107 [info] fatal: not a git repository (or any parent up to mount point /home)
Stopping at filesystem boundary (GIT_DISCOVERY_ACROSS_FILESYSTEM not set).
2025-05-13 17:43:48.107 [info] > git rev-parse --show-toplevel [6ms]
2025-05-13 17:43:48.107 [info] fatal: not a git repository (or any parent up to mount point /home)
Stopping at filesystem boundary (GIT_DISCOVERY_ACROSS_FILESYSTEM not set).
2025-05-13 17:43:48.107 [info] > git rev-parse --show-toplevel [5ms]
2025-05-13 17:43:48.107 [info] fatal: not a git repository (or any parent up to mount point /home)
Stopping at filesystem boundary (GIT_DISCOVERY_ACROSS_FILESYSTEM not set).
2025-05-13 17:43:48.107 [info] > git rev-parse --show-toplevel [2ms]
2025-05-13 17:43:48.107 [info] fatal: not a git repository (or any parent up to mount point /home)
Stopping at filesystem boundary (GIT_DISCOVERY_ACROSS_FILESYSTEM not set).
2025-05-13 17:43:48.107 [info] > git rev-parse --show-toplevel [38ms]
2025-05-13 17:43:48.107 [info] > git rev-parse --git-dir --git-common-dir [5ms]
2025-05-13 17:43:48.121 [info] [Model][openRepository] Opened repository (path): /home/coder/.oh-my-zsh
2025-05-13 17:43:48.121 [info] [Model][openRepository] Opened repository (real path): /home/coder/.oh-my-zsh
2025-05-13 17:43:48.131 [info] > git config --get commit.template [5ms]
2025-05-13 17:43:48.132 [info] > git rev-parse --show-toplevel [3ms]
2025-05-13 17:43:48.132 [info] fatal: not a git repository (or any parent up to mount point /home)
Stopping at filesystem boundary (GIT_DISCOVERY_ACROSS_FILESYSTEM not set).
2025-05-13 17:43:48.135 [info] [Model][doInitialScan] Initial repository scan completed - repositories (1), closed repositories (0), parent repositories (0), unsafe repositories (0)
2025-05-13 17:43:48.144 [info] > git for-each-ref --format=%(refname)%00%(upstream:short)%00%(objectname)%00%(upstream:track)%00%(upstream:remotename)%00%(upstream:remoteref) refs/heads/master refs/remotes/master [5ms]
2025-05-13 17:43:48.157 [info] > git for-each-ref --sort -committerdate --format %(refname)%00%(objectname)%00%(*objectname) [3ms]
2025-05-13 17:43:48.223 [info] > git status -z -uall [73ms]
2025-05-13 17:43:48.272 [info] > git for-each-ref --format=%(refname)%00%(upstream:short)%00%(objectname)%00%(upstream:track)%00%(upstream:remotename)%00%(upstream:remoteref) refs/heads/master refs/remotes/master [17ms]
2025-05-13 17:43:48.277 [info] > git config --get commit.template [5ms]
2025-05-13 17:43:48.277 [info] > git config --get --local branch.master.vscode-merge-base [2ms]
2025-05-13 17:43:48.287 [info] > git for-each-ref --format=%(refname)%00%(upstream:short)%00%(objectname)%00%(upstream:track)%00%(upstream:remotename)%00%(upstream:remoteref) refs/heads/origin/master refs/remotes/origin/master [5ms]
2025-05-13 17:43:48.293 [info] > git for-each-ref --format=%(refname)%00%(upstream:short)%00%(objectname)%00%(upstream:track)%00%(upstream:remotename)%00%(upstream:remoteref) refs/heads/master refs/remotes/master [7ms]
2025-05-13 17:43:48.329 [info] > git merge-base refs/heads/master refs/remotes/origin/master [37ms]
2025-05-13 17:43:48.339 [info] > git diff --name-status -z --diff-filter=ADMR c34c1da736f4f162206e1153e66850788f3e2e16...refs/remotes/origin/master [6ms]
2025-05-13 17:43:48.341 [info] > git for-each-ref --sort -committerdate --format %(refname)%00%(objectname)%00%(*objectname) [2ms]
2025-05-13 17:43:48.407 [info] > git status -z -uall [71ms]
2025-05-13 17:43:48.679 [info] > git check-ignore -v -z --stdin [9ms]
2025-05-13 17:43:48.763 [info] > git rev-parse --show-toplevel [3ms]
2025-05-13 17:43:48.763 [info] fatal: not a git repository (or any parent up to mount point /home)
Stopping at filesystem boundary (GIT_DISCOVERY_ACROSS_FILESYSTEM not set).
