2025-05-13 18:07:36.267 [info] [main] Log level: Info
2025-05-13 18:07:36.267 [info] [main] Validating found git in: "git"
2025-05-13 18:07:36.267 [info] [main] Using git "2.39.5" from "git"
2025-05-13 18:07:36.267 [info] [Model][doInitialScan] Initial repository scan started
2025-05-13 18:07:36.267 [info] > git rev-parse --show-toplevel [6ms]
2025-05-13 18:07:36.267 [info] fatal: not a git repository (or any parent up to mount point /home)
Stopping at filesystem boundary (GIT_DISCOVERY_ACROSS_FILESYSTEM not set).
2025-05-13 18:07:36.267 [info] > git rev-parse --show-toplevel [5ms]
2025-05-13 18:07:36.267 [info] fatal: not a git repository (or any parent up to mount point /home)
Stopping at filesystem boundary (GIT_DISCOVERY_ACROSS_FILESYSTEM not set).
2025-05-13 18:07:36.267 [info] > git rev-parse --show-toplevel [2ms]
2025-05-13 18:07:36.267 [info] fatal: not a git repository (or any parent up to mount point /home)
Stopping at filesystem boundary (GIT_DISCOVERY_ACROSS_FILESYSTEM not set).
2025-05-13 18:07:36.324 [info] > git rev-parse --show-toplevel [53ms]
2025-05-13 18:07:36.324 [info] fatal: not a git repository (or any parent up to mount point /home)
Stopping at filesystem boundary (GIT_DISCOVERY_ACROSS_FILESYSTEM not set).
2025-05-13 18:07:36.330 [info] > git rev-parse --show-toplevel [3ms]
2025-05-13 18:07:36.337 [info] > git rev-parse --git-dir --git-common-dir [2ms]
2025-05-13 18:07:36.355 [info] [Model][openRepository] Opened repository (path): /home/coder/.oh-my-zsh
2025-05-13 18:07:36.355 [info] [Model][openRepository] Opened repository (real path): /home/coder/.oh-my-zsh
2025-05-13 18:07:36.367 [info] > git config --get commit.template [5ms]
2025-05-13 18:07:36.369 [info] > git rev-parse --show-toplevel [4ms]
2025-05-13 18:07:36.369 [info] fatal: not a git repository (or any parent up to mount point /home)
Stopping at filesystem boundary (GIT_DISCOVERY_ACROSS_FILESYSTEM not set).
2025-05-13 18:07:36.373 [info] [Model][doInitialScan] Initial repository scan completed - repositories (1), closed repositories (0), parent repositories (0), unsafe repositories (0)
2025-05-13 18:07:36.380 [info] > git for-each-ref --format=%(refname)%00%(upstream:short)%00%(objectname)%00%(upstream:track)%00%(upstream:remotename)%00%(upstream:remoteref) refs/heads/master refs/remotes/master [2ms]
2025-05-13 18:07:36.393 [info] > git for-each-ref --sort -committerdate --format %(refname)%00%(objectname)%00%(*objectname) [3ms]
2025-05-13 18:07:36.460 [info] > git status -z -uall [75ms]
2025-05-13 18:07:36.495 [info] > git for-each-ref --format=%(refname)%00%(upstream:short)%00%(objectname)%00%(upstream:track)%00%(upstream:remotename)%00%(upstream:remoteref) refs/heads/master refs/remotes/master [6ms]
2025-05-13 18:07:36.499 [info] > git config --get commit.template [5ms]
2025-05-13 18:07:36.500 [info] > git config --get --local branch.master.vscode-merge-base [2ms]
2025-05-13 18:07:36.509 [info] > git for-each-ref --format=%(refname)%00%(upstream:short)%00%(objectname)%00%(upstream:track)%00%(upstream:remotename)%00%(upstream:remoteref) refs/heads/origin/master refs/remotes/origin/master [5ms]
2025-05-13 18:07:36.515 [info] > git for-each-ref --format=%(refname)%00%(upstream:short)%00%(objectname)%00%(upstream:track)%00%(upstream:remotename)%00%(upstream:remoteref) refs/heads/master refs/remotes/master [7ms]
2025-05-13 18:07:36.555 [info] > git merge-base refs/heads/master refs/remotes/origin/master [41ms]
2025-05-13 18:07:36.567 [info] > git diff --name-status -z --diff-filter=ADMR c34c1da736f4f162206e1153e66850788f3e2e16...refs/remotes/origin/master [9ms]
2025-05-13 18:07:36.569 [info] > git for-each-ref --sort -committerdate --format %(refname)%00%(objectname)%00%(*objectname) [3ms]
2025-05-13 18:07:36.634 [info] > git status -z -uall [72ms]
2025-05-13 18:07:36.939 [info] > git check-ignore -v -z --stdin [5ms]
2025-05-13 18:07:37.325 [info] > git rev-parse --show-toplevel [2ms]
2025-05-13 18:07:37.325 [info] fatal: not a git repository (or any parent up to mount point /home)
Stopping at filesystem boundary (GIT_DISCOVERY_ACROSS_FILESYSTEM not set).
2025-05-13 18:07:49.423 [info] > git rev-parse --show-toplevel [6ms]
2025-05-13 18:07:49.423 [info] fatal: not a git repository (or any parent up to mount point /home)
Stopping at filesystem boundary (GIT_DISCOVERY_ACROSS_FILESYSTEM not set).
2025-05-13 18:08:05.283 [info] > git rev-parse --show-toplevel [3ms]
2025-05-13 18:08:05.283 [info] fatal: not a git repository (or any parent up to mount point /home)
Stopping at filesystem boundary (GIT_DISCOVERY_ACROSS_FILESYSTEM not set).
