2025-05-14 07:18:01.336 [info] Experiment 'pythonRecommendTensorboardExt' is active
2025-05-14 07:18:01.336 [info] Experiment 'pythonTerminalEnvVarActivation' is active
2025-05-14 07:18:01.366 [warning] Dir "/home/coder/.pixi/envs" is not watchable (directory does not exist)
2025-05-14 07:18:01.562 [info] Starting Environment refresh
2025-05-14 07:18:01.562 [info] Searching for interpreters in posix paths locator
2025-05-14 07:18:01.573 [info] Searching for pyenv environments
2025-05-14 07:18:01.573 [info] Searching for conda environments
2025-05-14 07:18:01.574 [info] Searching for global virtual environments
2025-05-14 07:18:01.574 [info] Searching for custom virtual environments
2025-05-14 07:18:01.668 [info] pyenv is not installed
2025-05-14 07:18:01.674 [info] Finished searching for pyenv environments: 104 milliseconds
2025-05-14 07:18:01.674 [info] Finished searching for custom virtual envs: 108 milliseconds
2025-05-14 07:18:01.681 [info] > conda info --json
2025-05-14 07:18:01.687 [info] > hatch env show --json
2025-05-14 07:18:01.687 [info] cwd: .
2025-05-14 07:18:01.692 [info] > pyenv which python
2025-05-14 07:18:01.692 [info] cwd: .
2025-05-14 07:18:01.695 [info] Finished searching for global virtual envs: 128 milliseconds
2025-05-14 07:18:01.699 [info] Found: /bin/python3 --> /bin/python3.11
2025-05-14 07:18:01.699 [info] Found: /bin/python3.11 --> /bin/python3.11
2025-05-14 07:18:01.712 [info] Found: /usr/bin/python3 --> /usr/bin/python3.11
2025-05-14 07:18:01.713 [info] Found: /usr/bin/python3.11 --> /usr/bin/python3.11
2025-05-14 07:18:01.735 [info] Finished searching for interpreters in posix paths locator: 172 milliseconds
2025-05-14 07:18:01.735 [info] > /bin/python3 -I ./.local/share/code-server/extensions/ms-python.python-2025.4.0-universal/python_files/get_output_via_markers.py ./.local/share/code-server/extensions/ms-python.python-2025.4.0-universal/python_files/interpreterInfo.py
2025-05-14 07:18:01.746 [info] > /usr/bin/python3 -I ./.local/share/code-server/extensions/ms-python.python-2025.4.0-universal/python_files/get_output_via_markers.py ./.local/share/code-server/extensions/ms-python.python-2025.4.0-universal/python_files/interpreterInfo.py
2025-05-14 07:18:01.746 [info] Environments refresh paths discovered (event): 187 milliseconds
2025-05-14 07:18:01.746 [info] Environments refresh paths discovered: 187 milliseconds
2025-05-14 07:18:01.797 [info] Environments refresh finished (event): 238 milliseconds
2025-05-14 07:18:01.811 [info] Environment refresh took 252 milliseconds
2025-05-14 07:18:01.816 [info] Python interpreter path: /bin/python3
2025-05-14 07:18:02.481 [info] Shell integration status changed, can confirm it's working.
2025-05-14 07:18:02.996 [info] Starting Jedi language server for coder.
