File not found: /usr/lib/code-server/lib/vscode/node_modules/vsda/rust/web/vsda_bg.wasm
File not found: /usr/lib/code-server/lib/vscode/node_modules/vsda/rust/web/vsda.js
File not found: /usr/lib/code-server/lib/vscode/node_modules/vsda/rust/web/vsda.js
File not found: /usr/lib/code-server/lib/vscode/node_modules/vsda/rust/web/vsda_bg.wasm
File not found: /usr/lib/code-server/lib/vscode/node_modules/vsda/rust/web/vsda_bg.wasm
File not found: /usr/lib/code-server/lib/vscode/node_modules/vsda/rust/web/vsda.js
File not found: /usr/lib/code-server/lib/vscode/node_modules/vsda/rust/web/vsda_bg.wasm
File not found: /usr/lib/code-server/lib/vscode/node_modules/vsda/rust/web/vsda.js
[15:15:24] [172.18.0.4][cf55d443][ManagementConnection] Unknown reconnection token (never seen).
[15:15:24] [172.18.0.4][0ee309ab][ExtensionHostConnection] Unknown reconnection token (never seen).
File not found: /usr/lib/code-server/lib/vscode/node_modules/vsda/rust/web/vsda_bg.wasm
File not found: /usr/lib/code-server/lib/vscode/node_modules/vsda/rust/web/vsda.js
File not found: /usr/lib/code-server/lib/vscode/node_modules/vsda/rust/web/vsda_bg.wasm
File not found: /usr/lib/code-server/lib/vscode/node_modules/vsda/rust/web/vsda.js
[15:15:33] RequestStore#acceptReply was called without receiving a matching request 27
[15:15:33] RequestStore#acceptReply was called without receiving a matching request 28
[15:15:33] RequestStore#acceptReply was called without receiving a matching request 29
[15:15:33] RequestStore#acceptReply was called without receiving a matching request 30
[15:15:33] RequestStore#acceptReply was called without receiving a matching request 31
[15:15:33] RequestStore#acceptReply was called without receiving a matching request 32
[15:15:33] RequestStore#acceptReply was called without receiving a matching request 33
[15:15:33] RequestStore#acceptReply was called without receiving a matching request 34
[15:15:33] RequestStore#acceptReply was called without receiving a matching request 35
[15:15:33] RequestStore#acceptReply was called without receiving a matching request 36
[15:15:33] RequestStore#acceptReply was called without receiving a matching request 37
[15:15:33] RequestStore#acceptReply was called without receiving a matching request 38
[15:15:33] RequestStore#acceptReply was called without receiving a matching request 39
File not found: /usr/lib/code-server/lib/vscode/node_modules/vsda/rust/web/vsda_bg.wasm
File not found: /usr/lib/code-server/lib/vscode/node_modules/vsda/rust/web/vsda.js
File not found: /usr/lib/code-server/lib/vscode/node_modules/vsda/rust/web/vsda_bg.wasm
File not found: /usr/lib/code-server/lib/vscode/node_modules/vsda/rust/web/vsda.js
File not found: /usr/lib/code-server/lib/vscode/node_modules/vsda/rust/web/vsda_bg.wasm
File not found: /usr/lib/code-server/lib/vscode/node_modules/vsda/rust/web/vsda.js
File not found: /usr/lib/code-server/lib/vscode/node_modules/vsda/rust/web/vsda.js
File not found: /usr/lib/code-server/lib/vscode/node_modules/vsda/rust/web/vsda_bg.wasm
Failed login attempt {"xForwardedFor":"46.246.88.142","remoteAddress":"172.18.0.4","userAgent":"Mozilla/5.0 (Windows NT 10.0; Win64; x64) AppleWebKit/537.36 (KHTML, like Gecko) Chrome/136.0.0.0 Safari/537.36 Edg/136.0.0.0","timestamp":1747149655}
File not found: /usr/lib/code-server/lib/vscode/node_modules/vsda/rust/web/vsda.js
File not found: /usr/lib/code-server/lib/vscode/node_modules/vsda/rust/web/vsda_bg.wasm
File not found: /usr/lib/code-server/lib/vscode/node_modules/vsda/rust/web/vsda.js
[15:22:04] RequestStore#acceptReply was called without receiving a matching request 105
[15:22:04] RequestStore#acceptReply was called without receiving a matching request 106
[15:22:04] RequestStore#acceptReply was called without receiving a matching request 107
[15:22:04] RequestStore#acceptReply was called without receiving a matching request 108
[15:22:04] RequestStore#acceptReply was called without receiving a matching request 109
[15:22:04] RequestStore#acceptReply was called without receiving a matching request 110
[15:22:04] RequestStore#acceptReply was called without receiving a matching request 111
[15:22:04] RequestStore#acceptReply was called without receiving a matching request 112
[15:22:04] RequestStore#acceptReply was called without receiving a matching request 113
[15:22:04] RequestStore#acceptReply was called without receiving a matching request 114
[15:22:04] RequestStore#acceptReply was called without receiving a matching request 115
[15:22:04] RequestStore#acceptReply was called without receiving a matching request 116
[15:22:04] RequestStore#acceptReply was called without receiving a matching request 117
[15:22:06] RequestStore#acceptReply was called without receiving a matching request 118
[15:22:06] RequestStore#acceptReply was called without receiving a matching request 119
[15:22:06] RequestStore#acceptReply was called without receiving a matching request 120
[15:22:06] RequestStore#acceptReply was called without receiving a matching request 121
[15:22:06] RequestStore#acceptReply was called without receiving a matching request 122
[15:22:06] RequestStore#acceptReply was called without receiving a matching request 123
[15:22:06] RequestStore#acceptReply was called without receiving a matching request 124
[15:22:06] RequestStore#acceptReply was called without receiving a matching request 125
[15:22:06] RequestStore#acceptReply was called without receiving a matching request 126
[15:22:06] RequestStore#acceptReply was called without receiving a matching request 127
[15:22:06] RequestStore#acceptReply was called without receiving a matching request 128
[15:22:06] RequestStore#acceptReply was called without receiving a matching request 129
[15:22:06] RequestStore#acceptReply was called without receiving a matching request 130
File not found: /usr/lib/code-server/lib/vscode/node_modules/vsda/rust/web/vsda.js
File not found: /usr/lib/code-server/lib/vscode/node_modules/vsda/rust/web/vsda_bg.wasm
[15:31:07] RequestStore#acceptReply was called without receiving a matching request 170
[15:31:07] RequestStore#acceptReply was called without receiving a matching request 171
[15:31:07] RequestStore#acceptReply was called without receiving a matching request 172
[15:31:07] RequestStore#acceptReply was called without receiving a matching request 173
[15:31:07] RequestStore#acceptReply was called without receiving a matching request 174
[15:31:07] RequestStore#acceptReply was called without receiving a matching request 175
[15:31:07] RequestStore#acceptReply was called without receiving a matching request 176
[15:31:07] RequestStore#acceptReply was called without receiving a matching request 177
[15:31:07] RequestStore#acceptReply was called without receiving a matching request 178
[15:31:07] RequestStore#acceptReply was called without receiving a matching request 179
[15:31:07] RequestStore#acceptReply was called without receiving a matching request 180
[15:31:07] RequestStore#acceptReply was called without receiving a matching request 181
[15:31:07] RequestStore#acceptReply was called without receiving a matching request 182
File not found: /usr/lib/code-server/lib/vscode/node_modules/vsda/rust/web/vsda_bg.wasm
File not found: /usr/lib/code-server/lib/vscode/node_modules/vsda/rust/web/vsda.js
[15:35:01] RequestStore#acceptReply was called without receiving a matching request 183
[15:35:01] RequestStore#acceptReply was called without receiving a matching request 184
[15:35:01] RequestStore#acceptReply was called without receiving a matching request 185
[15:35:01] RequestStore#acceptReply was called without receiving a matching request 186
[15:35:01] RequestStore#acceptReply was called without receiving a matching request 187
[15:35:01] RequestStore#acceptReply was called without receiving a matching request 188
[15:35:01] RequestStore#acceptReply was called without receiving a matching request 189
[15:35:01] RequestStore#acceptReply was called without receiving a matching request 190
[15:35:01] RequestStore#acceptReply was called without receiving a matching request 191
[15:35:01] RequestStore#acceptReply was called without receiving a matching request 192
[15:35:01] RequestStore#acceptReply was called without receiving a matching request 193
[15:35:01] RequestStore#acceptReply was called without receiving a matching request 194
[15:35:01] RequestStore#acceptReply was called without receiving a matching request 195
[15:35:01] RequestStore#acceptReply was called without receiving a matching request 196
[15:35:01] RequestStore#acceptReply was called without receiving a matching request 197
[15:35:01] RequestStore#acceptReply was called without receiving a matching request 198
[15:35:01] RequestStore#acceptReply was called without receiving a matching request 199
[15:35:01] RequestStore#acceptReply was called without receiving a matching request 200
[15:35:01] RequestStore#acceptReply was called without receiving a matching request 201
[15:35:01] RequestStore#acceptReply was called without receiving a matching request 202
[15:35:01] RequestStore#acceptReply was called without receiving a matching request 203
[15:35:01] RequestStore#acceptReply was called without receiving a matching request 204
[15:35:01] RequestStore#acceptReply was called without receiving a matching request 205
[15:35:01] RequestStore#acceptReply was called without receiving a matching request 206
[15:35:01] RequestStore#acceptReply was called without receiving a matching request 207
[15:35:01] RequestStore#acceptReply was called without receiving a matching request 208
[15:35:03] RequestStore#acceptReply was called without receiving a matching request 183
[15:35:03] RequestStore#acceptReply was called without receiving a matching request 184
[15:35:03] RequestStore#acceptReply was called without receiving a matching request 185
[15:35:03] RequestStore#acceptReply was called without receiving a matching request 186
[15:35:03] RequestStore#acceptReply was called without receiving a matching request 187
[15:35:03] RequestStore#acceptReply was called without receiving a matching request 188
[15:35:03] RequestStore#acceptReply was called without receiving a matching request 189
[15:35:03] RequestStore#acceptReply was called without receiving a matching request 190
[15:35:03] RequestStore#acceptReply was called without receiving a matching request 191
[15:35:03] RequestStore#acceptReply was called without receiving a matching request 192
[15:35:03] RequestStore#acceptReply was called without receiving a matching request 193
[15:35:03] RequestStore#acceptReply was called without receiving a matching request 194
[15:35:03] RequestStore#acceptReply was called without receiving a matching request 195
[15:35:03] RequestStore#acceptReply was called without receiving a matching request 196
[15:35:03] RequestStore#acceptReply was called without receiving a matching request 197
[15:35:03] RequestStore#acceptReply was called without receiving a matching request 198
[15:35:03] RequestStore#acceptReply was called without receiving a matching request 199
[15:35:03] RequestStore#acceptReply was called without receiving a matching request 200
[15:35:03] RequestStore#acceptReply was called without receiving a matching request 201
[15:35:03] RequestStore#acceptReply was called without receiving a matching request 202
[15:35:03] RequestStore#acceptReply was called without receiving a matching request 203
[15:35:03] RequestStore#acceptReply was called without receiving a matching request 204
[15:35:03] RequestStore#acceptReply was called without receiving a matching request 205
[15:35:03] RequestStore#acceptReply was called without receiving a matching request 206
[15:35:03] RequestStore#acceptReply was called without receiving a matching request 207
[15:35:03] RequestStore#acceptReply was called without receiving a matching request 208
rejected promise not handled within 1 second: CodeExpectedError: Could not find pty 1 on pty host
stack trace: CodeExpectedError: Could not find pty 1 on pty host
    at I.W (file:///usr/lib/code-server/lib/vscode/out/vs/platform/terminal/node/ptyHostMain.js:46:6392)
    at I.acknowledgeDataEvent (file:///usr/lib/code-server/lib/vscode/out/vs/platform/terminal/node/ptyHostMain.js:46:3109)
    at i.<computed> (file:///usr/lib/code-server/lib/vscode/out/vs/platform/terminal/node/ptyHostMain.js:45:2962)
    at Object.call (file:///usr/lib/code-server/lib/vscode/out/vs/platform/terminal/node/ptyHostMain.js:28:4204)
    at uc.s (file:///usr/lib/code-server/lib/vscode/out/vs/platform/terminal/node/ptyHostMain.js:26:81270)
    at uc.q (file:///usr/lib/code-server/lib/vscode/out/vs/platform/terminal/node/ptyHostMain.js:26:80793)
    at gi.value (file:///usr/lib/code-server/lib/vscode/out/vs/platform/terminal/node/ptyHostMain.js:26:80195)
    at C.B (file:///usr/lib/code-server/lib/vscode/out/vs/platform/terminal/node/ptyHostMain.js:26:2373)
    at C.fire (file:///usr/lib/code-server/lib/vscode/out/vs/platform/terminal/node/ptyHostMain.js:26:2591)
    at process.E (file:///usr/lib/code-server/lib/vscode/out/vs/platform/terminal/node/ptyHostMain.js:24:29911)
    at process.emit (node:events:524:28)
    at emit (node:internal/child_process:950:14)
    at process.processTicksAndRejections (node:internal/process/task_queues:83:21)
[15:37:04] Error [CodeExpectedError]: Could not find pty 1 on pty host
    at I.W (file:///usr/lib/code-server/lib/vscode/out/vs/platform/terminal/node/ptyHostMain.js:46:6392)
    at I.acknowledgeDataEvent (file:///usr/lib/code-server/lib/vscode/out/vs/platform/terminal/node/ptyHostMain.js:46:3109)
    at i.<computed> (file:///usr/lib/code-server/lib/vscode/out/vs/platform/terminal/node/ptyHostMain.js:45:2962)
    at Object.call (file:///usr/lib/code-server/lib/vscode/out/vs/platform/terminal/node/ptyHostMain.js:28:4204)
    at uc.s (file:///usr/lib/code-server/lib/vscode/out/vs/platform/terminal/node/ptyHostMain.js:26:81270)
    at uc.q (file:///usr/lib/code-server/lib/vscode/out/vs/platform/terminal/node/ptyHostMain.js:26:80793)
    at gi.value (file:///usr/lib/code-server/lib/vscode/out/vs/platform/terminal/node/ptyHostMain.js:26:80195)
    at C.B (file:///usr/lib/code-server/lib/vscode/out/vs/platform/terminal/node/ptyHostMain.js:26:2373)
    at C.fire (file:///usr/lib/code-server/lib/vscode/out/vs/platform/terminal/node/ptyHostMain.js:26:2591)
    at process.E (file:///usr/lib/code-server/lib/vscode/out/vs/platform/terminal/node/ptyHostMain.js:24:29911)
    at process.emit (node:events:524:28)
    at emit (node:internal/child_process:950:14)
    at process.processTicksAndRejections (node:internal/process/task_queues:83:21)
rejected promise not handled within 1 second: CodeExpectedError: Could not find pty 1 on pty host
stack trace: CodeExpectedError: Could not find pty 1 on pty host
    at I.W (file:///usr/lib/code-server/lib/vscode/out/vs/platform/terminal/node/ptyHostMain.js:46:6392)
    at I.updateTitle (file:///usr/lib/code-server/lib/vscode/out/vs/platform/terminal/node/ptyHostMain.js:46:1839)
    at i.<computed> (file:///usr/lib/code-server/lib/vscode/out/vs/platform/terminal/node/ptyHostMain.js:45:2962)
    at Object.call (file:///usr/lib/code-server/lib/vscode/out/vs/platform/terminal/node/ptyHostMain.js:28:4204)
    at uc.s (file:///usr/lib/code-server/lib/vscode/out/vs/platform/terminal/node/ptyHostMain.js:26:81270)
    at uc.q (file:///usr/lib/code-server/lib/vscode/out/vs/platform/terminal/node/ptyHostMain.js:26:80793)
    at gi.value (file:///usr/lib/code-server/lib/vscode/out/vs/platform/terminal/node/ptyHostMain.js:26:80195)
    at C.B (file:///usr/lib/code-server/lib/vscode/out/vs/platform/terminal/node/ptyHostMain.js:26:2373)
    at C.fire (file:///usr/lib/code-server/lib/vscode/out/vs/platform/terminal/node/ptyHostMain.js:26:2591)
    at process.E (file:///usr/lib/code-server/lib/vscode/out/vs/platform/terminal/node/ptyHostMain.js:24:29911)
    at process.emit (node:events:524:28)
    at emit (node:internal/child_process:950:14)
    at process.processTicksAndRejections (node:internal/process/task_queues:83:21)
[15:37:04] Error [CodeExpectedError]: Could not find pty 1 on pty host
    at I.W (file:///usr/lib/code-server/lib/vscode/out/vs/platform/terminal/node/ptyHostMain.js:46:6392)
    at I.updateTitle (file:///usr/lib/code-server/lib/vscode/out/vs/platform/terminal/node/ptyHostMain.js:46:1839)
    at i.<computed> (file:///usr/lib/code-server/lib/vscode/out/vs/platform/terminal/node/ptyHostMain.js:45:2962)
    at Object.call (file:///usr/lib/code-server/lib/vscode/out/vs/platform/terminal/node/ptyHostMain.js:28:4204)
    at uc.s (file:///usr/lib/code-server/lib/vscode/out/vs/platform/terminal/node/ptyHostMain.js:26:81270)
    at uc.q (file:///usr/lib/code-server/lib/vscode/out/vs/platform/terminal/node/ptyHostMain.js:26:80793)
    at gi.value (file:///usr/lib/code-server/lib/vscode/out/vs/platform/terminal/node/ptyHostMain.js:26:80195)
    at C.B (file:///usr/lib/code-server/lib/vscode/out/vs/platform/terminal/node/ptyHostMain.js:26:2373)
    at C.fire (file:///usr/lib/code-server/lib/vscode/out/vs/platform/terminal/node/ptyHostMain.js:26:2591)
    at process.E (file:///usr/lib/code-server/lib/vscode/out/vs/platform/terminal/node/ptyHostMain.js:24:29911)
    at process.emit (node:events:524:28)
    at emit (node:internal/child_process:950:14)
    at process.processTicksAndRejections (node:internal/process/task_queues:83:21)
rejected promise not handled within 1 second: CodeExpectedError: Could not find pty 1 on pty host
stack trace: CodeExpectedError: Could not find pty 1 on pty host
    at I.W (file:///usr/lib/code-server/lib/vscode/out/vs/platform/terminal/node/ptyHostMain.js:46:6392)
    at I.updateTitle (file:///usr/lib/code-server/lib/vscode/out/vs/platform/terminal/node/ptyHostMain.js:46:1839)
    at i.<computed> (file:///usr/lib/code-server/lib/vscode/out/vs/platform/terminal/node/ptyHostMain.js:45:2962)
    at Object.call (file:///usr/lib/code-server/lib/vscode/out/vs/platform/terminal/node/ptyHostMain.js:28:4204)
    at uc.s (file:///usr/lib/code-server/lib/vscode/out/vs/platform/terminal/node/ptyHostMain.js:26:81270)
    at uc.q (file:///usr/lib/code-server/lib/vscode/out/vs/platform/terminal/node/ptyHostMain.js:26:80793)
    at gi.value (file:///usr/lib/code-server/lib/vscode/out/vs/platform/terminal/node/ptyHostMain.js:26:80195)
    at C.B (file:///usr/lib/code-server/lib/vscode/out/vs/platform/terminal/node/ptyHostMain.js:26:2373)
    at C.fire (file:///usr/lib/code-server/lib/vscode/out/vs/platform/terminal/node/ptyHostMain.js:26:2591)
    at process.E (file:///usr/lib/code-server/lib/vscode/out/vs/platform/terminal/node/ptyHostMain.js:24:29911)
    at process.emit (node:events:524:28)
    at emit (node:internal/child_process:950:14)
    at process.processTicksAndRejections (node:internal/process/task_queues:83:21)
[15:37:04] Error [CodeExpectedError]: Could not find pty 1 on pty host
    at I.W (file:///usr/lib/code-server/lib/vscode/out/vs/platform/terminal/node/ptyHostMain.js:46:6392)
    at I.updateTitle (file:///usr/lib/code-server/lib/vscode/out/vs/platform/terminal/node/ptyHostMain.js:46:1839)
    at i.<computed> (file:///usr/lib/code-server/lib/vscode/out/vs/platform/terminal/node/ptyHostMain.js:45:2962)
    at Object.call (file:///usr/lib/code-server/lib/vscode/out/vs/platform/terminal/node/ptyHostMain.js:28:4204)
    at uc.s (file:///usr/lib/code-server/lib/vscode/out/vs/platform/terminal/node/ptyHostMain.js:26:81270)
    at uc.q (file:///usr/lib/code-server/lib/vscode/out/vs/platform/terminal/node/ptyHostMain.js:26:80793)
    at gi.value (file:///usr/lib/code-server/lib/vscode/out/vs/platform/terminal/node/ptyHostMain.js:26:80195)
    at C.B (file:///usr/lib/code-server/lib/vscode/out/vs/platform/terminal/node/ptyHostMain.js:26:2373)
    at C.fire (file:///usr/lib/code-server/lib/vscode/out/vs/platform/terminal/node/ptyHostMain.js:26:2591)
    at process.E (file:///usr/lib/code-server/lib/vscode/out/vs/platform/terminal/node/ptyHostMain.js:24:29911)
    at process.emit (node:events:524:28)
    at emit (node:internal/child_process:950:14)
    at process.processTicksAndRejections (node:internal/process/task_queues:83:21)
rejected promise not handled within 1 second: CodeExpectedError: Could not find pty 1 on pty host
stack trace: CodeExpectedError: Could not find pty 1 on pty host
    at I.W (file:///usr/lib/code-server/lib/vscode/out/vs/platform/terminal/node/ptyHostMain.js:46:6392)
    at I.updateTitle (file:///usr/lib/code-server/lib/vscode/out/vs/platform/terminal/node/ptyHostMain.js:46:1839)
    at i.<computed> (file:///usr/lib/code-server/lib/vscode/out/vs/platform/terminal/node/ptyHostMain.js:45:2962)
    at Object.call (file:///usr/lib/code-server/lib/vscode/out/vs/platform/terminal/node/ptyHostMain.js:28:4204)
    at uc.s (file:///usr/lib/code-server/lib/vscode/out/vs/platform/terminal/node/ptyHostMain.js:26:81270)
    at uc.q (file:///usr/lib/code-server/lib/vscode/out/vs/platform/terminal/node/ptyHostMain.js:26:80793)
    at gi.value (file:///usr/lib/code-server/lib/vscode/out/vs/platform/terminal/node/ptyHostMain.js:26:80195)
    at C.B (file:///usr/lib/code-server/lib/vscode/out/vs/platform/terminal/node/ptyHostMain.js:26:2373)
    at C.fire (file:///usr/lib/code-server/lib/vscode/out/vs/platform/terminal/node/ptyHostMain.js:26:2591)
    at process.E (file:///usr/lib/code-server/lib/vscode/out/vs/platform/terminal/node/ptyHostMain.js:24:29911)
    at process.emit (node:events:524:28)
    at emit (node:internal/child_process:950:14)
    at process.processTicksAndRejections (node:internal/process/task_queues:83:21)
[15:37:04] Error [CodeExpectedError]: Could not find pty 1 on pty host
    at I.W (file:///usr/lib/code-server/lib/vscode/out/vs/platform/terminal/node/ptyHostMain.js:46:6392)
    at I.updateTitle (file:///usr/lib/code-server/lib/vscode/out/vs/platform/terminal/node/ptyHostMain.js:46:1839)
    at i.<computed> (file:///usr/lib/code-server/lib/vscode/out/vs/platform/terminal/node/ptyHostMain.js:45:2962)
    at Object.call (file:///usr/lib/code-server/lib/vscode/out/vs/platform/terminal/node/ptyHostMain.js:28:4204)
    at uc.s (file:///usr/lib/code-server/lib/vscode/out/vs/platform/terminal/node/ptyHostMain.js:26:81270)
    at uc.q (file:///usr/lib/code-server/lib/vscode/out/vs/platform/terminal/node/ptyHostMain.js:26:80793)
    at gi.value (file:///usr/lib/code-server/lib/vscode/out/vs/platform/terminal/node/ptyHostMain.js:26:80195)
    at C.B (file:///usr/lib/code-server/lib/vscode/out/vs/platform/terminal/node/ptyHostMain.js:26:2373)
    at C.fire (file:///usr/lib/code-server/lib/vscode/out/vs/platform/terminal/node/ptyHostMain.js:26:2591)
    at process.E (file:///usr/lib/code-server/lib/vscode/out/vs/platform/terminal/node/ptyHostMain.js:24:29911)
    at process.emit (node:events:524:28)
    at emit (node:internal/child_process:950:14)
    at process.processTicksAndRejections (node:internal/process/task_queues:83:21)
rejected promise not handled within 1 second: CodeExpectedError: Could not find pty 1 on pty host
stack trace: CodeExpectedError: Could not find pty 1 on pty host
    at I.W (file:///usr/lib/code-server/lib/vscode/out/vs/platform/terminal/node/ptyHostMain.js:46:6392)
    at I.acknowledgeDataEvent (file:///usr/lib/code-server/lib/vscode/out/vs/platform/terminal/node/ptyHostMain.js:46:3109)
    at i.<computed> (file:///usr/lib/code-server/lib/vscode/out/vs/platform/terminal/node/ptyHostMain.js:45:2962)
    at Object.call (file:///usr/lib/code-server/lib/vscode/out/vs/platform/terminal/node/ptyHostMain.js:28:4204)
    at uc.s (file:///usr/lib/code-server/lib/vscode/out/vs/platform/terminal/node/ptyHostMain.js:26:81270)
    at uc.q (file:///usr/lib/code-server/lib/vscode/out/vs/platform/terminal/node/ptyHostMain.js:26:80793)
    at gi.value (file:///usr/lib/code-server/lib/vscode/out/vs/platform/terminal/node/ptyHostMain.js:26:80195)
    at C.B (file:///usr/lib/code-server/lib/vscode/out/vs/platform/terminal/node/ptyHostMain.js:26:2373)
    at C.fire (file:///usr/lib/code-server/lib/vscode/out/vs/platform/terminal/node/ptyHostMain.js:26:2591)
    at process.E (file:///usr/lib/code-server/lib/vscode/out/vs/platform/terminal/node/ptyHostMain.js:24:29911)
    at process.emit (node:events:524:28)
    at emit (node:internal/child_process:950:14)
    at process.processTicksAndRejections (node:internal/process/task_queues:83:21)
[15:37:04] Error [CodeExpectedError]: Could not find pty 1 on pty host
    at I.W (file:///usr/lib/code-server/lib/vscode/out/vs/platform/terminal/node/ptyHostMain.js:46:6392)
    at I.acknowledgeDataEvent (file:///usr/lib/code-server/lib/vscode/out/vs/platform/terminal/node/ptyHostMain.js:46:3109)
    at i.<computed> (file:///usr/lib/code-server/lib/vscode/out/vs/platform/terminal/node/ptyHostMain.js:45:2962)
    at Object.call (file:///usr/lib/code-server/lib/vscode/out/vs/platform/terminal/node/ptyHostMain.js:28:4204)
    at uc.s (file:///usr/lib/code-server/lib/vscode/out/vs/platform/terminal/node/ptyHostMain.js:26:81270)
    at uc.q (file:///usr/lib/code-server/lib/vscode/out/vs/platform/terminal/node/ptyHostMain.js:26:80793)
    at gi.value (file:///usr/lib/code-server/lib/vscode/out/vs/platform/terminal/node/ptyHostMain.js:26:80195)
    at C.B (file:///usr/lib/code-server/lib/vscode/out/vs/platform/terminal/node/ptyHostMain.js:26:2373)
    at C.fire (file:///usr/lib/code-server/lib/vscode/out/vs/platform/terminal/node/ptyHostMain.js:26:2591)
    at process.E (file:///usr/lib/code-server/lib/vscode/out/vs/platform/terminal/node/ptyHostMain.js:24:29911)
    at process.emit (node:events:524:28)
    at emit (node:internal/child_process:950:14)
    at process.processTicksAndRejections (node:internal/process/task_queues:83:21)
rejected promise not handled within 1 second: CodeExpectedError: Could not find pty 1 on pty host
stack trace: CodeExpectedError: Could not find pty 1 on pty host
    at I.W (file:///usr/lib/code-server/lib/vscode/out/vs/platform/terminal/node/ptyHostMain.js:46:6392)
    at I.updateTitle (file:///usr/lib/code-server/lib/vscode/out/vs/platform/terminal/node/ptyHostMain.js:46:1839)
    at i.<computed> (file:///usr/lib/code-server/lib/vscode/out/vs/platform/terminal/node/ptyHostMain.js:45:2962)
    at Object.call (file:///usr/lib/code-server/lib/vscode/out/vs/platform/terminal/node/ptyHostMain.js:28:4204)
    at uc.s (file:///usr/lib/code-server/lib/vscode/out/vs/platform/terminal/node/ptyHostMain.js:26:81270)
    at uc.q (file:///usr/lib/code-server/lib/vscode/out/vs/platform/terminal/node/ptyHostMain.js:26:80793)
    at gi.value (file:///usr/lib/code-server/lib/vscode/out/vs/platform/terminal/node/ptyHostMain.js:26:80195)
    at C.B (file:///usr/lib/code-server/lib/vscode/out/vs/platform/terminal/node/ptyHostMain.js:26:2373)
    at C.fire (file:///usr/lib/code-server/lib/vscode/out/vs/platform/terminal/node/ptyHostMain.js:26:2591)
    at process.E (file:///usr/lib/code-server/lib/vscode/out/vs/platform/terminal/node/ptyHostMain.js:24:29911)
    at process.emit (node:events:524:28)
    at emit (node:internal/child_process:950:14)
    at process.processTicksAndRejections (node:internal/process/task_queues:83:21)
[15:37:04] Error [CodeExpectedError]: Could not find pty 1 on pty host
    at I.W (file:///usr/lib/code-server/lib/vscode/out/vs/platform/terminal/node/ptyHostMain.js:46:6392)
    at I.updateTitle (file:///usr/lib/code-server/lib/vscode/out/vs/platform/terminal/node/ptyHostMain.js:46:1839)
    at i.<computed> (file:///usr/lib/code-server/lib/vscode/out/vs/platform/terminal/node/ptyHostMain.js:45:2962)
    at Object.call (file:///usr/lib/code-server/lib/vscode/out/vs/platform/terminal/node/ptyHostMain.js:28:4204)
    at uc.s (file:///usr/lib/code-server/lib/vscode/out/vs/platform/terminal/node/ptyHostMain.js:26:81270)
    at uc.q (file:///usr/lib/code-server/lib/vscode/out/vs/platform/terminal/node/ptyHostMain.js:26:80793)
    at gi.value (file:///usr/lib/code-server/lib/vscode/out/vs/platform/terminal/node/ptyHostMain.js:26:80195)
    at C.B (file:///usr/lib/code-server/lib/vscode/out/vs/platform/terminal/node/ptyHostMain.js:26:2373)
    at C.fire (file:///usr/lib/code-server/lib/vscode/out/vs/platform/terminal/node/ptyHostMain.js:26:2591)
    at process.E (file:///usr/lib/code-server/lib/vscode/out/vs/platform/terminal/node/ptyHostMain.js:24:29911)
    at process.emit (node:events:524:28)
    at emit (node:internal/child_process:950:14)
    at process.processTicksAndRejections (node:internal/process/task_queues:83:21)
rejected promise not handled within 1 second: CodeExpectedError: Could not find pty 1 on pty host
stack trace: CodeExpectedError: Could not find pty 1 on pty host
    at I.W (file:///usr/lib/code-server/lib/vscode/out/vs/platform/terminal/node/ptyHostMain.js:46:6392)
    at I.updateTitle (file:///usr/lib/code-server/lib/vscode/out/vs/platform/terminal/node/ptyHostMain.js:46:1839)
    at i.<computed> (file:///usr/lib/code-server/lib/vscode/out/vs/platform/terminal/node/ptyHostMain.js:45:2962)
    at Object.call (file:///usr/lib/code-server/lib/vscode/out/vs/platform/terminal/node/ptyHostMain.js:28:4204)
    at uc.s (file:///usr/lib/code-server/lib/vscode/out/vs/platform/terminal/node/ptyHostMain.js:26:81270)
    at uc.q (file:///usr/lib/code-server/lib/vscode/out/vs/platform/terminal/node/ptyHostMain.js:26:80793)
    at gi.value (file:///usr/lib/code-server/lib/vscode/out/vs/platform/terminal/node/ptyHostMain.js:26:80195)
    at C.B (file:///usr/lib/code-server/lib/vscode/out/vs/platform/terminal/node/ptyHostMain.js:26:2373)
    at C.fire (file:///usr/lib/code-server/lib/vscode/out/vs/platform/terminal/node/ptyHostMain.js:26:2591)
    at process.E (file:///usr/lib/code-server/lib/vscode/out/vs/platform/terminal/node/ptyHostMain.js:24:29911)
    at process.emit (node:events:524:28)
    at emit (node:internal/child_process:950:14)
    at process.processTicksAndRejections (node:internal/process/task_queues:83:21)
[15:37:04] Error [CodeExpectedError]: Could not find pty 1 on pty host
    at I.W (file:///usr/lib/code-server/lib/vscode/out/vs/platform/terminal/node/ptyHostMain.js:46:6392)
    at I.updateTitle (file:///usr/lib/code-server/lib/vscode/out/vs/platform/terminal/node/ptyHostMain.js:46:1839)
    at i.<computed> (file:///usr/lib/code-server/lib/vscode/out/vs/platform/terminal/node/ptyHostMain.js:45:2962)
    at Object.call (file:///usr/lib/code-server/lib/vscode/out/vs/platform/terminal/node/ptyHostMain.js:28:4204)
    at uc.s (file:///usr/lib/code-server/lib/vscode/out/vs/platform/terminal/node/ptyHostMain.js:26:81270)
    at uc.q (file:///usr/lib/code-server/lib/vscode/out/vs/platform/terminal/node/ptyHostMain.js:26:80793)
    at gi.value (file:///usr/lib/code-server/lib/vscode/out/vs/platform/terminal/node/ptyHostMain.js:26:80195)
    at C.B (file:///usr/lib/code-server/lib/vscode/out/vs/platform/terminal/node/ptyHostMain.js:26:2373)
    at C.fire (file:///usr/lib/code-server/lib/vscode/out/vs/platform/terminal/node/ptyHostMain.js:26:2591)
    at process.E (file:///usr/lib/code-server/lib/vscode/out/vs/platform/terminal/node/ptyHostMain.js:24:29911)
    at process.emit (node:events:524:28)
    at emit (node:internal/child_process:950:14)
    at process.processTicksAndRejections (node:internal/process/task_queues:83:21)
rejected promise not handled within 1 second: CodeExpectedError: Could not find pty 1 on pty host
stack trace: CodeExpectedError: Could not find pty 1 on pty host
    at I.W (file:///usr/lib/code-server/lib/vscode/out/vs/platform/terminal/node/ptyHostMain.js:46:6392)
    at I.updateTitle (file:///usr/lib/code-server/lib/vscode/out/vs/platform/terminal/node/ptyHostMain.js:46:1839)
    at i.<computed> (file:///usr/lib/code-server/lib/vscode/out/vs/platform/terminal/node/ptyHostMain.js:45:2962)
    at Object.call (file:///usr/lib/code-server/lib/vscode/out/vs/platform/terminal/node/ptyHostMain.js:28:4204)
    at uc.s (file:///usr/lib/code-server/lib/vscode/out/vs/platform/terminal/node/ptyHostMain.js:26:81270)
    at uc.q (file:///usr/lib/code-server/lib/vscode/out/vs/platform/terminal/node/ptyHostMain.js:26:80793)
    at gi.value (file:///usr/lib/code-server/lib/vscode/out/vs/platform/terminal/node/ptyHostMain.js:26:80195)
    at C.B (file:///usr/lib/code-server/lib/vscode/out/vs/platform/terminal/node/ptyHostMain.js:26:2373)
    at C.fire (file:///usr/lib/code-server/lib/vscode/out/vs/platform/terminal/node/ptyHostMain.js:26:2591)
    at process.E (file:///usr/lib/code-server/lib/vscode/out/vs/platform/terminal/node/ptyHostMain.js:24:29911)
    at process.emit (node:events:524:28)
    at emit (node:internal/child_process:950:14)
    at process.processTicksAndRejections (node:internal/process/task_queues:83:21)
[15:37:04] Error [CodeExpectedError]: Could not find pty 1 on pty host
    at I.W (file:///usr/lib/code-server/lib/vscode/out/vs/platform/terminal/node/ptyHostMain.js:46:6392)
    at I.updateTitle (file:///usr/lib/code-server/lib/vscode/out/vs/platform/terminal/node/ptyHostMain.js:46:1839)
    at i.<computed> (file:///usr/lib/code-server/lib/vscode/out/vs/platform/terminal/node/ptyHostMain.js:45:2962)
    at Object.call (file:///usr/lib/code-server/lib/vscode/out/vs/platform/terminal/node/ptyHostMain.js:28:4204)
    at uc.s (file:///usr/lib/code-server/lib/vscode/out/vs/platform/terminal/node/ptyHostMain.js:26:81270)
    at uc.q (file:///usr/lib/code-server/lib/vscode/out/vs/platform/terminal/node/ptyHostMain.js:26:80793)
    at gi.value (file:///usr/lib/code-server/lib/vscode/out/vs/platform/terminal/node/ptyHostMain.js:26:80195)
    at C.B (file:///usr/lib/code-server/lib/vscode/out/vs/platform/terminal/node/ptyHostMain.js:26:2373)
    at C.fire (file:///usr/lib/code-server/lib/vscode/out/vs/platform/terminal/node/ptyHostMain.js:26:2591)
    at process.E (file:///usr/lib/code-server/lib/vscode/out/vs/platform/terminal/node/ptyHostMain.js:24:29911)
    at process.emit (node:events:524:28)
    at emit (node:internal/child_process:950:14)
    at process.processTicksAndRejections (node:internal/process/task_queues:83:21)
rejected promise not handled within 1 second: CodeExpectedError: Could not find pty 1 on pty host
stack trace: CodeExpectedError: Could not find pty 1 on pty host
    at I.W (file:///usr/lib/code-server/lib/vscode/out/vs/platform/terminal/node/ptyHostMain.js:46:6392)
    at I.updateTitle (file:///usr/lib/code-server/lib/vscode/out/vs/platform/terminal/node/ptyHostMain.js:46:1839)
    at i.<computed> (file:///usr/lib/code-server/lib/vscode/out/vs/platform/terminal/node/ptyHostMain.js:45:2962)
    at Object.call (file:///usr/lib/code-server/lib/vscode/out/vs/platform/terminal/node/ptyHostMain.js:28:4204)
    at uc.s (file:///usr/lib/code-server/lib/vscode/out/vs/platform/terminal/node/ptyHostMain.js:26:81270)
    at uc.q (file:///usr/lib/code-server/lib/vscode/out/vs/platform/terminal/node/ptyHostMain.js:26:80793)
    at gi.value (file:///usr/lib/code-server/lib/vscode/out/vs/platform/terminal/node/ptyHostMain.js:26:80195)
    at C.B (file:///usr/lib/code-server/lib/vscode/out/vs/platform/terminal/node/ptyHostMain.js:26:2373)
    at C.fire (file:///usr/lib/code-server/lib/vscode/out/vs/platform/terminal/node/ptyHostMain.js:26:2591)
    at process.E (file:///usr/lib/code-server/lib/vscode/out/vs/platform/terminal/node/ptyHostMain.js:24:29911)
    at process.emit (node:events:524:28)
    at emit (node:internal/child_process:950:14)
    at process.processTicksAndRejections (node:internal/process/task_queues:83:21)
[15:37:04] Error [CodeExpectedError]: Could not find pty 1 on pty host
    at I.W (file:///usr/lib/code-server/lib/vscode/out/vs/platform/terminal/node/ptyHostMain.js:46:6392)
    at I.updateTitle (file:///usr/lib/code-server/lib/vscode/out/vs/platform/terminal/node/ptyHostMain.js:46:1839)
    at i.<computed> (file:///usr/lib/code-server/lib/vscode/out/vs/platform/terminal/node/ptyHostMain.js:45:2962)
    at Object.call (file:///usr/lib/code-server/lib/vscode/out/vs/platform/terminal/node/ptyHostMain.js:28:4204)
    at uc.s (file:///usr/lib/code-server/lib/vscode/out/vs/platform/terminal/node/ptyHostMain.js:26:81270)
    at uc.q (file:///usr/lib/code-server/lib/vscode/out/vs/platform/terminal/node/ptyHostMain.js:26:80793)
    at gi.value (file:///usr/lib/code-server/lib/vscode/out/vs/platform/terminal/node/ptyHostMain.js:26:80195)
    at C.B (file:///usr/lib/code-server/lib/vscode/out/vs/platform/terminal/node/ptyHostMain.js:26:2373)
    at C.fire (file:///usr/lib/code-server/lib/vscode/out/vs/platform/terminal/node/ptyHostMain.js:26:2591)
    at process.E (file:///usr/lib/code-server/lib/vscode/out/vs/platform/terminal/node/ptyHostMain.js:24:29911)
    at process.emit (node:events:524:28)
    at emit (node:internal/child_process:950:14)
    at process.processTicksAndRejections (node:internal/process/task_queues:83:21)
rejected promise not handled within 1 second: CodeExpectedError: Could not find pty 1 on pty host
stack trace: CodeExpectedError: Could not find pty 1 on pty host
    at I.W (file:///usr/lib/code-server/lib/vscode/out/vs/platform/terminal/node/ptyHostMain.js:46:6392)
    at I.updateTitle (file:///usr/lib/code-server/lib/vscode/out/vs/platform/terminal/node/ptyHostMain.js:46:1839)
    at i.<computed> (file:///usr/lib/code-server/lib/vscode/out/vs/platform/terminal/node/ptyHostMain.js:45:2962)
    at Object.call (file:///usr/lib/code-server/lib/vscode/out/vs/platform/terminal/node/ptyHostMain.js:28:4204)
    at uc.s (file:///usr/lib/code-server/lib/vscode/out/vs/platform/terminal/node/ptyHostMain.js:26:81270)
    at uc.q (file:///usr/lib/code-server/lib/vscode/out/vs/platform/terminal/node/ptyHostMain.js:26:80793)
    at gi.value (file:///usr/lib/code-server/lib/vscode/out/vs/platform/terminal/node/ptyHostMain.js:26:80195)
    at C.B (file:///usr/lib/code-server/lib/vscode/out/vs/platform/terminal/node/ptyHostMain.js:26:2373)
    at C.fire (file:///usr/lib/code-server/lib/vscode/out/vs/platform/terminal/node/ptyHostMain.js:26:2591)
    at process.E (file:///usr/lib/code-server/lib/vscode/out/vs/platform/terminal/node/ptyHostMain.js:24:29911)
    at process.emit (node:events:524:28)
    at emit (node:internal/child_process:950:14)
    at process.processTicksAndRejections (node:internal/process/task_queues:83:21)
[15:37:04] Error [CodeExpectedError]: Could not find pty 1 on pty host
    at I.W (file:///usr/lib/code-server/lib/vscode/out/vs/platform/terminal/node/ptyHostMain.js:46:6392)
    at I.updateTitle (file:///usr/lib/code-server/lib/vscode/out/vs/platform/terminal/node/ptyHostMain.js:46:1839)
    at i.<computed> (file:///usr/lib/code-server/lib/vscode/out/vs/platform/terminal/node/ptyHostMain.js:45:2962)
    at Object.call (file:///usr/lib/code-server/lib/vscode/out/vs/platform/terminal/node/ptyHostMain.js:28:4204)
    at uc.s (file:///usr/lib/code-server/lib/vscode/out/vs/platform/terminal/node/ptyHostMain.js:26:81270)
    at uc.q (file:///usr/lib/code-server/lib/vscode/out/vs/platform/terminal/node/ptyHostMain.js:26:80793)
    at gi.value (file:///usr/lib/code-server/lib/vscode/out/vs/platform/terminal/node/ptyHostMain.js:26:80195)
    at C.B (file:///usr/lib/code-server/lib/vscode/out/vs/platform/terminal/node/ptyHostMain.js:26:2373)
    at C.fire (file:///usr/lib/code-server/lib/vscode/out/vs/platform/terminal/node/ptyHostMain.js:26:2591)
    at process.E (file:///usr/lib/code-server/lib/vscode/out/vs/platform/terminal/node/ptyHostMain.js:24:29911)
    at process.emit (node:events:524:28)
    at emit (node:internal/child_process:950:14)
    at process.processTicksAndRejections (node:internal/process/task_queues:83:21)
rejected promise not handled within 1 second: CodeExpectedError: Could not find pty 1 on pty host
stack trace: CodeExpectedError: Could not find pty 1 on pty host
    at I.W (file:///usr/lib/code-server/lib/vscode/out/vs/platform/terminal/node/ptyHostMain.js:46:6392)
    at I.updateTitle (file:///usr/lib/code-server/lib/vscode/out/vs/platform/terminal/node/ptyHostMain.js:46:1839)
    at i.<computed> (file:///usr/lib/code-server/lib/vscode/out/vs/platform/terminal/node/ptyHostMain.js:45:2962)
    at Object.call (file:///usr/lib/code-server/lib/vscode/out/vs/platform/terminal/node/ptyHostMain.js:28:4204)
    at uc.s (file:///usr/lib/code-server/lib/vscode/out/vs/platform/terminal/node/ptyHostMain.js:26:81270)
    at uc.q (file:///usr/lib/code-server/lib/vscode/out/vs/platform/terminal/node/ptyHostMain.js:26:80793)
    at gi.value (file:///usr/lib/code-server/lib/vscode/out/vs/platform/terminal/node/ptyHostMain.js:26:80195)
    at C.B (file:///usr/lib/code-server/lib/vscode/out/vs/platform/terminal/node/ptyHostMain.js:26:2373)
    at C.fire (file:///usr/lib/code-server/lib/vscode/out/vs/platform/terminal/node/ptyHostMain.js:26:2591)
    at process.E (file:///usr/lib/code-server/lib/vscode/out/vs/platform/terminal/node/ptyHostMain.js:24:29911)
    at process.emit (node:events:524:28)
    at emit (node:internal/child_process:950:14)
    at process.processTicksAndRejections (node:internal/process/task_queues:83:21)
[15:37:04] Error [CodeExpectedError]: Could not find pty 1 on pty host
    at I.W (file:///usr/lib/code-server/lib/vscode/out/vs/platform/terminal/node/ptyHostMain.js:46:6392)
    at I.updateTitle (file:///usr/lib/code-server/lib/vscode/out/vs/platform/terminal/node/ptyHostMain.js:46:1839)
    at i.<computed> (file:///usr/lib/code-server/lib/vscode/out/vs/platform/terminal/node/ptyHostMain.js:45:2962)
    at Object.call (file:///usr/lib/code-server/lib/vscode/out/vs/platform/terminal/node/ptyHostMain.js:28:4204)
    at uc.s (file:///usr/lib/code-server/lib/vscode/out/vs/platform/terminal/node/ptyHostMain.js:26:81270)
    at uc.q (file:///usr/lib/code-server/lib/vscode/out/vs/platform/terminal/node/ptyHostMain.js:26:80793)
    at gi.value (file:///usr/lib/code-server/lib/vscode/out/vs/platform/terminal/node/ptyHostMain.js:26:80195)
    at C.B (file:///usr/lib/code-server/lib/vscode/out/vs/platform/terminal/node/ptyHostMain.js:26:2373)
    at C.fire (file:///usr/lib/code-server/lib/vscode/out/vs/platform/terminal/node/ptyHostMain.js:26:2591)
    at process.E (file:///usr/lib/code-server/lib/vscode/out/vs/platform/terminal/node/ptyHostMain.js:24:29911)
    at process.emit (node:events:524:28)
    at emit (node:internal/child_process:950:14)
    at process.processTicksAndRejections (node:internal/process/task_queues:83:21)
rejected promise not handled within 1 second: CodeExpectedError: Could not find pty 1 on pty host
stack trace: CodeExpectedError: Could not find pty 1 on pty host
    at I.W (file:///usr/lib/code-server/lib/vscode/out/vs/platform/terminal/node/ptyHostMain.js:46:6392)
    at I.updateTitle (file:///usr/lib/code-server/lib/vscode/out/vs/platform/terminal/node/ptyHostMain.js:46:1839)
    at i.<computed> (file:///usr/lib/code-server/lib/vscode/out/vs/platform/terminal/node/ptyHostMain.js:45:2962)
    at Object.call (file:///usr/lib/code-server/lib/vscode/out/vs/platform/terminal/node/ptyHostMain.js:28:4204)
    at uc.s (file:///usr/lib/code-server/lib/vscode/out/vs/platform/terminal/node/ptyHostMain.js:26:81270)
    at uc.q (file:///usr/lib/code-server/lib/vscode/out/vs/platform/terminal/node/ptyHostMain.js:26:80793)
    at gi.value (file:///usr/lib/code-server/lib/vscode/out/vs/platform/terminal/node/ptyHostMain.js:26:80195)
    at C.B (file:///usr/lib/code-server/lib/vscode/out/vs/platform/terminal/node/ptyHostMain.js:26:2373)
    at C.fire (file:///usr/lib/code-server/lib/vscode/out/vs/platform/terminal/node/ptyHostMain.js:26:2591)
    at process.E (file:///usr/lib/code-server/lib/vscode/out/vs/platform/terminal/node/ptyHostMain.js:24:29911)
    at process.emit (node:events:524:28)
    at emit (node:internal/child_process:950:14)
    at process.processTicksAndRejections (node:internal/process/task_queues:83:21)
[15:37:04] Error [CodeExpectedError]: Could not find pty 1 on pty host
    at I.W (file:///usr/lib/code-server/lib/vscode/out/vs/platform/terminal/node/ptyHostMain.js:46:6392)
    at I.updateTitle (file:///usr/lib/code-server/lib/vscode/out/vs/platform/terminal/node/ptyHostMain.js:46:1839)
    at i.<computed> (file:///usr/lib/code-server/lib/vscode/out/vs/platform/terminal/node/ptyHostMain.js:45:2962)
    at Object.call (file:///usr/lib/code-server/lib/vscode/out/vs/platform/terminal/node/ptyHostMain.js:28:4204)
    at uc.s (file:///usr/lib/code-server/lib/vscode/out/vs/platform/terminal/node/ptyHostMain.js:26:81270)
    at uc.q (file:///usr/lib/code-server/lib/vscode/out/vs/platform/terminal/node/ptyHostMain.js:26:80793)
    at gi.value (file:///usr/lib/code-server/lib/vscode/out/vs/platform/terminal/node/ptyHostMain.js:26:80195)
    at C.B (file:///usr/lib/code-server/lib/vscode/out/vs/platform/terminal/node/ptyHostMain.js:26:2373)
    at C.fire (file:///usr/lib/code-server/lib/vscode/out/vs/platform/terminal/node/ptyHostMain.js:26:2591)
    at process.E (file:///usr/lib/code-server/lib/vscode/out/vs/platform/terminal/node/ptyHostMain.js:24:29911)
    at process.emit (node:events:524:28)
    at emit (node:internal/child_process:950:14)
    at process.processTicksAndRejections (node:internal/process/task_queues:83:21)
rejected promise not handled within 1 second: CodeExpectedError: Could not find pty 1 on pty host
stack trace: CodeExpectedError: Could not find pty 1 on pty host
    at I.W (file:///usr/lib/code-server/lib/vscode/out/vs/platform/terminal/node/ptyHostMain.js:46:6392)
    at I.updateTitle (file:///usr/lib/code-server/lib/vscode/out/vs/platform/terminal/node/ptyHostMain.js:46:1839)
    at i.<computed> (file:///usr/lib/code-server/lib/vscode/out/vs/platform/terminal/node/ptyHostMain.js:45:2962)
    at Object.call (file:///usr/lib/code-server/lib/vscode/out/vs/platform/terminal/node/ptyHostMain.js:28:4204)
    at uc.s (file:///usr/lib/code-server/lib/vscode/out/vs/platform/terminal/node/ptyHostMain.js:26:81270)
    at uc.q (file:///usr/lib/code-server/lib/vscode/out/vs/platform/terminal/node/ptyHostMain.js:26:80793)
    at gi.value (file:///usr/lib/code-server/lib/vscode/out/vs/platform/terminal/node/ptyHostMain.js:26:80195)
    at C.B (file:///usr/lib/code-server/lib/vscode/out/vs/platform/terminal/node/ptyHostMain.js:26:2373)
    at C.fire (file:///usr/lib/code-server/lib/vscode/out/vs/platform/terminal/node/ptyHostMain.js:26:2591)
    at process.E (file:///usr/lib/code-server/lib/vscode/out/vs/platform/terminal/node/ptyHostMain.js:24:29911)
    at process.emit (node:events:524:28)
    at emit (node:internal/child_process:950:14)
    at process.processTicksAndRejections (node:internal/process/task_queues:83:21)
[15:37:04] Error [CodeExpectedError]: Could not find pty 1 on pty host
    at I.W (file:///usr/lib/code-server/lib/vscode/out/vs/platform/terminal/node/ptyHostMain.js:46:6392)
    at I.updateTitle (file:///usr/lib/code-server/lib/vscode/out/vs/platform/terminal/node/ptyHostMain.js:46:1839)
    at i.<computed> (file:///usr/lib/code-server/lib/vscode/out/vs/platform/terminal/node/ptyHostMain.js:45:2962)
    at Object.call (file:///usr/lib/code-server/lib/vscode/out/vs/platform/terminal/node/ptyHostMain.js:28:4204)
    at uc.s (file:///usr/lib/code-server/lib/vscode/out/vs/platform/terminal/node/ptyHostMain.js:26:81270)
    at uc.q (file:///usr/lib/code-server/lib/vscode/out/vs/platform/terminal/node/ptyHostMain.js:26:80793)
    at gi.value (file:///usr/lib/code-server/lib/vscode/out/vs/platform/terminal/node/ptyHostMain.js:26:80195)
    at C.B (file:///usr/lib/code-server/lib/vscode/out/vs/platform/terminal/node/ptyHostMain.js:26:2373)
    at C.fire (file:///usr/lib/code-server/lib/vscode/out/vs/platform/terminal/node/ptyHostMain.js:26:2591)
    at process.E (file:///usr/lib/code-server/lib/vscode/out/vs/platform/terminal/node/ptyHostMain.js:24:29911)
    at process.emit (node:events:524:28)
    at emit (node:internal/child_process:950:14)
    at process.processTicksAndRejections (node:internal/process/task_queues:83:21)
rejected promise not handled within 1 second: CodeExpectedError: Could not find pty 1 on pty host
stack trace: CodeExpectedError: Could not find pty 1 on pty host
    at I.W (file:///usr/lib/code-server/lib/vscode/out/vs/platform/terminal/node/ptyHostMain.js:46:6392)
    at I.acknowledgeDataEvent (file:///usr/lib/code-server/lib/vscode/out/vs/platform/terminal/node/ptyHostMain.js:46:3109)
    at i.<computed> (file:///usr/lib/code-server/lib/vscode/out/vs/platform/terminal/node/ptyHostMain.js:45:2962)
    at Object.call (file:///usr/lib/code-server/lib/vscode/out/vs/platform/terminal/node/ptyHostMain.js:28:4204)
    at uc.s (file:///usr/lib/code-server/lib/vscode/out/vs/platform/terminal/node/ptyHostMain.js:26:81270)
    at uc.q (file:///usr/lib/code-server/lib/vscode/out/vs/platform/terminal/node/ptyHostMain.js:26:80793)
    at gi.value (file:///usr/lib/code-server/lib/vscode/out/vs/platform/terminal/node/ptyHostMain.js:26:80195)
    at C.B (file:///usr/lib/code-server/lib/vscode/out/vs/platform/terminal/node/ptyHostMain.js:26:2373)
    at C.fire (file:///usr/lib/code-server/lib/vscode/out/vs/platform/terminal/node/ptyHostMain.js:26:2591)
    at process.E (file:///usr/lib/code-server/lib/vscode/out/vs/platform/terminal/node/ptyHostMain.js:24:29911)
    at process.emit (node:events:524:28)
    at emit (node:internal/child_process:950:14)
    at process.processTicksAndRejections (node:internal/process/task_queues:83:21)
[15:37:04] Error [CodeExpectedError]: Could not find pty 1 on pty host
    at I.W (file:///usr/lib/code-server/lib/vscode/out/vs/platform/terminal/node/ptyHostMain.js:46:6392)
    at I.acknowledgeDataEvent (file:///usr/lib/code-server/lib/vscode/out/vs/platform/terminal/node/ptyHostMain.js:46:3109)
    at i.<computed> (file:///usr/lib/code-server/lib/vscode/out/vs/platform/terminal/node/ptyHostMain.js:45:2962)
    at Object.call (file:///usr/lib/code-server/lib/vscode/out/vs/platform/terminal/node/ptyHostMain.js:28:4204)
    at uc.s (file:///usr/lib/code-server/lib/vscode/out/vs/platform/terminal/node/ptyHostMain.js:26:81270)
    at uc.q (file:///usr/lib/code-server/lib/vscode/out/vs/platform/terminal/node/ptyHostMain.js:26:80793)
    at gi.value (file:///usr/lib/code-server/lib/vscode/out/vs/platform/terminal/node/ptyHostMain.js:26:80195)
    at C.B (file:///usr/lib/code-server/lib/vscode/out/vs/platform/terminal/node/ptyHostMain.js:26:2373)
    at C.fire (file:///usr/lib/code-server/lib/vscode/out/vs/platform/terminal/node/ptyHostMain.js:26:2591)
    at process.E (file:///usr/lib/code-server/lib/vscode/out/vs/platform/terminal/node/ptyHostMain.js:24:29911)
    at process.emit (node:events:524:28)
    at emit (node:internal/child_process:950:14)
    at process.processTicksAndRejections (node:internal/process/task_queues:83:21)
[15:47:28] [172.18.0.3][0dcb4fbe][ExtensionHostConnection] Unknown reconnection token (never seen).
[15:47:31] [172.18.0.3][3979bfba][ManagementConnection] Unknown reconnection token (never seen).
File not found: /usr/lib/code-server/lib/vscode/node_modules/vsda/rust/web/vsda_bg.wasm
File not found: /usr/lib/code-server/lib/vscode/node_modules/vsda/rust/web/vsda.js
File not found: /usr/lib/code-server/lib/vscode/node_modules/vsda/rust/web/vsda_bg.wasm
File not found: /usr/lib/code-server/lib/vscode/node_modules/vsda/rust/web/vsda.js
File not found: /usr/lib/code-server/lib/vscode/node_modules/vsda/rust/web/vsda_bg.wasm
File not found: /usr/lib/code-server/lib/vscode/node_modules/vsda/rust/web/vsda.js
File not found: /usr/lib/code-server/lib/vscode/node_modules/vsda/rust/web/vsda.js
File not found: /usr/lib/code-server/lib/vscode/node_modules/vsda/rust/web/vsda_bg.wasm
File not found: /usr/lib/code-server/lib/vscode/node_modules/vsda/rust/web/vsda_bg.wasm
File not found: /usr/lib/code-server/lib/vscode/node_modules/vsda/rust/web/vsda.js
File not found: /usr/lib/code-server/lib/vscode/node_modules/vsda/rust/web/vsda_bg.wasm
File not found: /usr/lib/code-server/lib/vscode/node_modules/vsda/rust/web/vsda.js
File not found: /usr/lib/code-server/lib/vscode/node_modules/vsda/rust/web/vsda.js
[16:47:13] [172.18.0.7][bee47519][ManagementConnection] Unknown reconnection token (never seen).
[16:47:13] [172.18.0.7][3f0b8875][ExtensionHostConnection] Unknown reconnection token (never seen).
File not found: /usr/lib/code-server/lib/vscode/node_modules/vsda/rust/web/vsda_bg.wasm
File not found: /usr/lib/code-server/lib/vscode/node_modules/vsda/rust/web/vsda.js
File not found: /usr/lib/code-server/lib/vscode/node_modules/vsda/rust/web/vsda.js
File not found: /usr/lib/code-server/lib/vscode/node_modules/vsda/rust/web/vsda.js
File not found: /usr/lib/code-server/lib/vscode/node_modules/vsda/rust/web/vsda_bg.wasm
File not found: /usr/lib/code-server/lib/vscode/node_modules/vsda/rust/web/vsda.js
File not found: /usr/lib/code-server/lib/vscode/node_modules/vsda/rust/web/vsda_bg.wasm
File not found: /usr/lib/code-server/lib/vscode/node_modules/vsda/rust/web/vsda_bg.wasm
File not found: /usr/lib/code-server/lib/vscode/node_modules/vsda/rust/web/vsda.js
[17:03:01] RequestStore#acceptReply was called without receiving a matching request 92
[17:03:01] RequestStore#acceptReply was called without receiving a matching request 93
[17:03:01] RequestStore#acceptReply was called without receiving a matching request 94
[17:03:01] RequestStore#acceptReply was called without receiving a matching request 95
[17:03:01] RequestStore#acceptReply was called without receiving a matching request 96
[17:03:01] RequestStore#acceptReply was called without receiving a matching request 97
[17:03:01] RequestStore#acceptReply was called without receiving a matching request 98
[17:03:01] RequestStore#acceptReply was called without receiving a matching request 99
[17:03:01] RequestStore#acceptReply was called without receiving a matching request 100
[17:03:01] RequestStore#acceptReply was called without receiving a matching request 101
[17:03:01] RequestStore#acceptReply was called without receiving a matching request 102
[17:03:01] RequestStore#acceptReply was called without receiving a matching request 103
[17:03:01] RequestStore#acceptReply was called without receiving a matching request 104
[17:03:01] RequestStore#acceptReply was called without receiving a matching request 105
[17:03:01] RequestStore#acceptReply was called without receiving a matching request 106
[17:03:01] RequestStore#acceptReply was called without receiving a matching request 107
[17:03:01] RequestStore#acceptReply was called without receiving a matching request 108
[17:03:01] RequestStore#acceptReply was called without receiving a matching request 109
[17:03:01] RequestStore#acceptReply was called without receiving a matching request 110
[17:03:01] RequestStore#acceptReply was called without receiving a matching request 111
[17:03:01] RequestStore#acceptReply was called without receiving a matching request 112
[17:03:01] RequestStore#acceptReply was called without receiving a matching request 113
[17:03:01] RequestStore#acceptReply was called without receiving a matching request 114
[17:03:01] RequestStore#acceptReply was called without receiving a matching request 115
[17:03:01] RequestStore#acceptReply was called without receiving a matching request 116
[17:03:01] RequestStore#acceptReply was called without receiving a matching request 117
[17:03:01] RequestStore#acceptReply was called without receiving a matching request 118
[17:03:01] RequestStore#acceptReply was called without receiving a matching request 119
[17:03:01] RequestStore#acceptReply was called without receiving a matching request 120
[17:03:01] RequestStore#acceptReply was called without receiving a matching request 121
[17:03:01] RequestStore#acceptReply was called without receiving a matching request 122
[17:03:01] RequestStore#acceptReply was called without receiving a matching request 123
[17:03:01] RequestStore#acceptReply was called without receiving a matching request 124
[17:03:01] RequestStore#acceptReply was called without receiving a matching request 125
[17:03:01] RequestStore#acceptReply was called without receiving a matching request 126
[17:03:01] RequestStore#acceptReply was called without receiving a matching request 127
[17:03:01] RequestStore#acceptReply was called without receiving a matching request 128
[17:03:01] RequestStore#acceptReply was called without receiving a matching request 129
[17:03:01] RequestStore#acceptReply was called without receiving a matching request 130
[17:03:01] RequestStore#acceptReply was called without receiving a matching request 131
[17:03:01] RequestStore#acceptReply was called without receiving a matching request 132
[17:03:01] RequestStore#acceptReply was called without receiving a matching request 133
[17:03:01] RequestStore#acceptReply was called without receiving a matching request 134
[17:03:01] RequestStore#acceptReply was called without receiving a matching request 135
[17:03:01] RequestStore#acceptReply was called without receiving a matching request 136
[17:03:01] RequestStore#acceptReply was called without receiving a matching request 137
[17:03:01] RequestStore#acceptReply was called without receiving a matching request 138
[17:03:01] RequestStore#acceptReply was called without receiving a matching request 139
[17:03:01] RequestStore#acceptReply was called without receiving a matching request 140
[17:03:01] RequestStore#acceptReply was called without receiving a matching request 141
[17:03:01] RequestStore#acceptReply was called without receiving a matching request 142
[17:03:01] RequestStore#acceptReply was called without receiving a matching request 143
[17:07:01] RequestStore#acceptReply was called without receiving a matching request 144
[17:07:01] RequestStore#acceptReply was called without receiving a matching request 145
[17:07:01] RequestStore#acceptReply was called without receiving a matching request 146
[17:07:01] RequestStore#acceptReply was called without receiving a matching request 147
[17:07:01] RequestStore#acceptReply was called without receiving a matching request 148
[17:07:01] RequestStore#acceptReply was called without receiving a matching request 149
[17:07:01] RequestStore#acceptReply was called without receiving a matching request 150
[17:07:01] RequestStore#acceptReply was called without receiving a matching request 151
[17:07:01] RequestStore#acceptReply was called without receiving a matching request 152
[17:07:01] RequestStore#acceptReply was called without receiving a matching request 153
[17:07:01] RequestStore#acceptReply was called without receiving a matching request 154
[17:07:01] RequestStore#acceptReply was called without receiving a matching request 155
[17:07:01] RequestStore#acceptReply was called without receiving a matching request 156
[17:13:14] [172.18.0.7][48cad8ef][ManagementConnection] Unknown reconnection token (never seen).
[17:13:50] [172.18.0.7][a4ed9193][ManagementConnection] Unknown reconnection token (never seen).
[17:13:50] [172.18.0.7][f12aab2b][ExtensionHostConnection] Unknown reconnection token (never seen).
File not found: /usr/lib/code-server/lib/vscode/node_modules/vsda/rust/web/vsda_bg.wasm
File not found: /usr/lib/code-server/lib/vscode/node_modules/vsda/rust/web/vsda.js
File not found: /usr/lib/code-server/lib/vscode/node_modules/vsda/rust/web/vsda.js
File not found: /usr/lib/code-server/lib/vscode/node_modules/vsda/rust/web/vsda_bg.wasm
File not found: /usr/lib/code-server/lib/vscode/node_modules/vsda/rust/web/vsda.js
[17:43:46] RequestStore#acceptReply was called without receiving a matching request 27
[17:43:46] RequestStore#acceptReply was called without receiving a matching request 28
[17:43:46] RequestStore#acceptReply was called without receiving a matching request 29
[17:43:46] RequestStore#acceptReply was called without receiving a matching request 30
[17:43:46] RequestStore#acceptReply was called without receiving a matching request 31
[17:43:46] RequestStore#acceptReply was called without receiving a matching request 32
[17:43:46] RequestStore#acceptReply was called without receiving a matching request 33
[17:43:46] RequestStore#acceptReply was called without receiving a matching request 34
[17:43:46] RequestStore#acceptReply was called without receiving a matching request 35
[17:43:46] RequestStore#acceptReply was called without receiving a matching request 36
[17:43:46] RequestStore#acceptReply was called without receiving a matching request 37
[17:43:46] RequestStore#acceptReply was called without receiving a matching request 38
[17:43:46] RequestStore#acceptReply was called without receiving a matching request 39
[17:43:47] RequestStore#acceptReply was called without receiving a matching request 40
[17:43:47] RequestStore#acceptReply was called without receiving a matching request 41
[17:43:47] RequestStore#acceptReply was called without receiving a matching request 42
[17:43:47] RequestStore#acceptReply was called without receiving a matching request 43
[17:43:47] RequestStore#acceptReply was called without receiving a matching request 44
[17:43:47] RequestStore#acceptReply was called without receiving a matching request 45
[17:43:47] RequestStore#acceptReply was called without receiving a matching request 46
[17:43:47] RequestStore#acceptReply was called without receiving a matching request 47
[17:43:47] RequestStore#acceptReply was called without receiving a matching request 48
[17:43:47] RequestStore#acceptReply was called without receiving a matching request 49
[17:43:47] RequestStore#acceptReply was called without receiving a matching request 50
[17:43:47] RequestStore#acceptReply was called without receiving a matching request 51
[17:43:47] RequestStore#acceptReply was called without receiving a matching request 52
[17:43:50] RequestStore#acceptReply was called without receiving a matching request 53
[17:43:50] RequestStore#acceptReply was called without receiving a matching request 54
[17:43:50] RequestStore#acceptReply was called without receiving a matching request 55
[17:43:50] RequestStore#acceptReply was called without receiving a matching request 56
[17:43:50] RequestStore#acceptReply was called without receiving a matching request 57
[17:43:50] RequestStore#acceptReply was called without receiving a matching request 58
[17:43:50] RequestStore#acceptReply was called without receiving a matching request 59
[17:43:50] RequestStore#acceptReply was called without receiving a matching request 60
[17:43:50] RequestStore#acceptReply was called without receiving a matching request 61
[17:43:50] RequestStore#acceptReply was called without receiving a matching request 62
[17:43:50] RequestStore#acceptReply was called without receiving a matching request 63
[17:43:50] RequestStore#acceptReply was called without receiving a matching request 64
[17:43:50] RequestStore#acceptReply was called without receiving a matching request 65
File not found: /usr/lib/code-server/lib/vscode/node_modules/vsda/rust/web/vsda.js
File not found: /usr/lib/code-server/lib/vscode/node_modules/vsda/rust/web/vsda_bg.wasm
File not found: /usr/lib/code-server/lib/vscode/node_modules/vsda/rust/web/vsda.js
File not found: /usr/lib/code-server/lib/vscode/node_modules/vscode-regexp-languagedetection/dist/index.js
[18:08:01] RequestStore#acceptReply was called without receiving a matching request 66
[18:08:01] RequestStore#acceptReply was called without receiving a matching request 67
[18:08:01] RequestStore#acceptReply was called without receiving a matching request 68
[18:08:01] RequestStore#acceptReply was called without receiving a matching request 69
[18:08:01] RequestStore#acceptReply was called without receiving a matching request 70
[18:08:01] RequestStore#acceptReply was called without receiving a matching request 71
[18:08:01] RequestStore#acceptReply was called without receiving a matching request 72
[18:08:01] RequestStore#acceptReply was called without receiving a matching request 73
[18:08:01] RequestStore#acceptReply was called without receiving a matching request 74
[18:08:01] RequestStore#acceptReply was called without receiving a matching request 75
[18:08:01] RequestStore#acceptReply was called without receiving a matching request 76
[18:08:01] RequestStore#acceptReply was called without receiving a matching request 77
[18:08:01] RequestStore#acceptReply was called without receiving a matching request 78
[18:08:01] RequestStore#acceptReply was called without receiving a matching request 79
[18:08:01] RequestStore#acceptReply was called without receiving a matching request 80
[18:08:01] RequestStore#acceptReply was called without receiving a matching request 81
[18:08:01] RequestStore#acceptReply was called without receiving a matching request 82
[18:08:01] RequestStore#acceptReply was called without receiving a matching request 83
[18:08:01] RequestStore#acceptReply was called without receiving a matching request 84
[18:08:01] RequestStore#acceptReply was called without receiving a matching request 85
[18:08:01] RequestStore#acceptReply was called without receiving a matching request 86
[18:08:01] RequestStore#acceptReply was called without receiving a matching request 87
[18:08:01] RequestStore#acceptReply was called without receiving a matching request 88
[18:08:01] RequestStore#acceptReply was called without receiving a matching request 89
[18:08:01] RequestStore#acceptReply was called without receiving a matching request 90
[18:08:01] RequestStore#acceptReply was called without receiving a matching request 91
[18:08:01] RequestStore#acceptReply was called without receiving a matching request 92
[18:08:01] RequestStore#acceptReply was called without receiving a matching request 93
[18:08:01] RequestStore#acceptReply was called without receiving a matching request 94
[18:08:01] RequestStore#acceptReply was called without receiving a matching request 95
[18:08:01] RequestStore#acceptReply was called without receiving a matching request 96
[18:08:01] RequestStore#acceptReply was called without receiving a matching request 97
[18:08:01] RequestStore#acceptReply was called without receiving a matching request 98
[18:08:01] RequestStore#acceptReply was called without receiving a matching request 99
[18:08:01] RequestStore#acceptReply was called without receiving a matching request 100
[18:08:01] RequestStore#acceptReply was called without receiving a matching request 101
[18:08:01] RequestStore#acceptReply was called without receiving a matching request 102
[18:08:01] RequestStore#acceptReply was called without receiving a matching request 103
[18:08:01] RequestStore#acceptReply was called without receiving a matching request 104
[18:09:01] RequestStore#acceptReply was called without receiving a matching request 105
[18:09:01] RequestStore#acceptReply was called without receiving a matching request 106
[18:09:01] RequestStore#acceptReply was called without receiving a matching request 107
[18:09:01] RequestStore#acceptReply was called without receiving a matching request 108
[18:09:01] RequestStore#acceptReply was called without receiving a matching request 109
[18:09:01] RequestStore#acceptReply was called without receiving a matching request 110
[18:09:01] RequestStore#acceptReply was called without receiving a matching request 111
[18:09:01] RequestStore#acceptReply was called without receiving a matching request 112
[18:09:01] RequestStore#acceptReply was called without receiving a matching request 113
[18:09:01] RequestStore#acceptReply was called without receiving a matching request 114
[18:09:01] RequestStore#acceptReply was called without receiving a matching request 115
[18:09:01] RequestStore#acceptReply was called without receiving a matching request 116
[18:09:01] RequestStore#acceptReply was called without receiving a matching request 117
[18:10:01] RequestStore#acceptReply was called without receiving a matching request 118
[18:10:01] RequestStore#acceptReply was called without receiving a matching request 119
[18:10:01] RequestStore#acceptReply was called without receiving a matching request 120
[18:10:01] RequestStore#acceptReply was called without receiving a matching request 121
[18:10:01] RequestStore#acceptReply was called without receiving a matching request 122
[18:10:01] RequestStore#acceptReply was called without receiving a matching request 123
[18:10:01] RequestStore#acceptReply was called without receiving a matching request 124
[18:10:01] RequestStore#acceptReply was called without receiving a matching request 125
[18:10:01] RequestStore#acceptReply was called without receiving a matching request 126
[18:10:01] RequestStore#acceptReply was called without receiving a matching request 127
[18:10:01] RequestStore#acceptReply was called without receiving a matching request 128
[18:10:01] RequestStore#acceptReply was called without receiving a matching request 129
[18:10:01] RequestStore#acceptReply was called without receiving a matching request 130
[18:10:01] RequestStore#acceptReply was called without receiving a matching request 131
[18:10:01] RequestStore#acceptReply was called without receiving a matching request 132
[18:10:01] RequestStore#acceptReply was called without receiving a matching request 133
[18:10:01] RequestStore#acceptReply was called without receiving a matching request 134
[18:10:01] RequestStore#acceptReply was called without receiving a matching request 135
[18:10:01] RequestStore#acceptReply was called without receiving a matching request 136
[18:10:01] RequestStore#acceptReply was called without receiving a matching request 137
[18:10:01] RequestStore#acceptReply was called without receiving a matching request 138
[18:10:01] RequestStore#acceptReply was called without receiving a matching request 139
[18:10:01] RequestStore#acceptReply was called without receiving a matching request 140
[18:10:01] RequestStore#acceptReply was called without receiving a matching request 141
[18:10:01] RequestStore#acceptReply was called without receiving a matching request 142
[18:10:01] RequestStore#acceptReply was called without receiving a matching request 143
[18:10:01] RequestStore#acceptReply was called without receiving a matching request 144
[18:10:01] RequestStore#acceptReply was called without receiving a matching request 145
[18:10:01] RequestStore#acceptReply was called without receiving a matching request 146
[18:10:01] RequestStore#acceptReply was called without receiving a matching request 147
[18:10:01] RequestStore#acceptReply was called without receiving a matching request 148
[18:10:01] RequestStore#acceptReply was called without receiving a matching request 149
[18:10:01] RequestStore#acceptReply was called without receiving a matching request 150
[18:10:01] RequestStore#acceptReply was called without receiving a matching request 151
[18:10:01] RequestStore#acceptReply was called without receiving a matching request 152
[18:10:01] RequestStore#acceptReply was called without receiving a matching request 153
[18:10:01] RequestStore#acceptReply was called without receiving a matching request 154
[18:10:01] RequestStore#acceptReply was called without receiving a matching request 155
[18:10:01] RequestStore#acceptReply was called without receiving a matching request 156
[18:10:01] RequestStore#acceptReply was called without receiving a matching request 157
[18:10:01] RequestStore#acceptReply was called without receiving a matching request 158
[18:10:01] RequestStore#acceptReply was called without receiving a matching request 159
[18:10:01] RequestStore#acceptReply was called without receiving a matching request 160
[18:10:01] RequestStore#acceptReply was called without receiving a matching request 161
[18:10:01] RequestStore#acceptReply was called without receiving a matching request 162
[18:10:01] RequestStore#acceptReply was called without receiving a matching request 163
[18:10:01] RequestStore#acceptReply was called without receiving a matching request 164
[18:10:01] RequestStore#acceptReply was called without receiving a matching request 165
[18:10:01] RequestStore#acceptReply was called without receiving a matching request 166
[18:10:01] RequestStore#acceptReply was called without receiving a matching request 167
[18:10:01] RequestStore#acceptReply was called without receiving a matching request 168
[18:10:01] RequestStore#acceptReply was called without receiving a matching request 169
[18:10:01] RequestStore#acceptReply was called without receiving a matching request 170
[18:10:01] RequestStore#acceptReply was called without receiving a matching request 171
[18:10:01] RequestStore#acceptReply was called without receiving a matching request 172
[18:10:01] RequestStore#acceptReply was called without receiving a matching request 173
[18:10:01] RequestStore#acceptReply was called without receiving a matching request 174
[18:10:01] RequestStore#acceptReply was called without receiving a matching request 175
[18:10:01] RequestStore#acceptReply was called without receiving a matching request 176
[18:10:01] RequestStore#acceptReply was called without receiving a matching request 177
[18:10:01] RequestStore#acceptReply was called without receiving a matching request 178
[18:10:01] RequestStore#acceptReply was called without receiving a matching request 179
[18:10:01] RequestStore#acceptReply was called without receiving a matching request 180
[18:10:01] RequestStore#acceptReply was called without receiving a matching request 181
[18:10:01] RequestStore#acceptReply was called without receiving a matching request 182
[18:10:01] RequestStore#acceptReply was called without receiving a matching request 183
[18:10:01] RequestStore#acceptReply was called without receiving a matching request 184
[18:10:01] RequestStore#acceptReply was called without receiving a matching request 185
[18:10:01] RequestStore#acceptReply was called without receiving a matching request 186
[18:10:01] RequestStore#acceptReply was called without receiving a matching request 187
[18:10:01] RequestStore#acceptReply was called without receiving a matching request 188
[18:10:01] RequestStore#acceptReply was called without receiving a matching request 189
[18:10:01] RequestStore#acceptReply was called without receiving a matching request 190
[18:10:01] RequestStore#acceptReply was called without receiving a matching request 191
[18:10:01] RequestStore#acceptReply was called without receiving a matching request 192
[18:10:01] RequestStore#acceptReply was called without receiving a matching request 193
[18:10:01] RequestStore#acceptReply was called without receiving a matching request 194
[18:10:01] RequestStore#acceptReply was called without receiving a matching request 195
Failed login attempt {"xForwardedFor":"104.28.246.167","remoteAddress":"172.18.0.7","userAgent":"Mozilla/5.0 (Linux; Android 14; K) AppleWebKit/537.36 (KHTML, like Gecko) Chrome/135.0.7049.111 Mobile Safari/537.36","timestamp":1747161571}
File not found: /usr/lib/code-server/lib/vscode/node_modules/vsda/rust/web/vsda_bg.wasm
File not found: /usr/lib/code-server/lib/vscode/node_modules/vsda/rust/web/vsda.js
[18:52:03] RequestStore#acceptReply was called without receiving a matching request 196
[18:52:03] RequestStore#acceptReply was called without receiving a matching request 197
[18:52:03] RequestStore#acceptReply was called without receiving a matching request 198
[18:52:03] RequestStore#acceptReply was called without receiving a matching request 199
[18:52:03] RequestStore#acceptReply was called without receiving a matching request 200
[18:52:03] RequestStore#acceptReply was called without receiving a matching request 201
[18:52:03] RequestStore#acceptReply was called without receiving a matching request 202
[18:52:03] RequestStore#acceptReply was called without receiving a matching request 203
[18:52:03] RequestStore#acceptReply was called without receiving a matching request 204
[18:52:03] RequestStore#acceptReply was called without receiving a matching request 205
[18:52:03] RequestStore#acceptReply was called without receiving a matching request 206
[18:52:03] RequestStore#acceptReply was called without receiving a matching request 207
[18:52:03] RequestStore#acceptReply was called without receiving a matching request 208
[18:52:03] RequestStore#acceptReply was called without receiving a matching request 209
[18:52:03] RequestStore#acceptReply was called without receiving a matching request 210
[18:52:03] RequestStore#acceptReply was called without receiving a matching request 211
[18:52:03] RequestStore#acceptReply was called without receiving a matching request 212
[18:52:03] RequestStore#acceptReply was called without receiving a matching request 213
[18:52:03] RequestStore#acceptReply was called without receiving a matching request 214
[18:52:03] RequestStore#acceptReply was called without receiving a matching request 215
[18:52:03] RequestStore#acceptReply was called without receiving a matching request 216
[18:52:03] RequestStore#acceptReply was called without receiving a matching request 217
[18:52:03] RequestStore#acceptReply was called without receiving a matching request 218
[18:52:03] RequestStore#acceptReply was called without receiving a matching request 219
[18:52:03] RequestStore#acceptReply was called without receiving a matching request 220
[18:52:03] RequestStore#acceptReply was called without receiving a matching request 221
File not found: /usr/lib/code-server/lib/vscode/node_modules/vsda/rust/web/vsda_bg.wasm
File not found: /usr/lib/code-server/lib/vscode/node_modules/vsda/rust/web/vsda.js
File not found: /usr/lib/code-server/lib/vscode/node_modules/vsda/rust/web/vsda.js
[19:47:39] Error: read ECONNRESET
    at TCP.onStreamRead (node:internal/stream_base_commons:218:20) {
  errno: -104,
  code: 'ECONNRESET',
  syscall: 'read'
}
File not found: /usr/lib/code-server/lib/vscode/node_modules/vsda/rust/web/vsda.js
File not found: /usr/lib/code-server/lib/vscode/node_modules/vsda/rust/web/vsda_bg.wasm
File not found: /usr/lib/code-server/lib/vscode/node_modules/vsda/rust/web/vsda.js
File not found: /usr/lib/code-server/lib/vscode/node_modules/vsda/rust/web/vsda_bg.wasm
File not found: /usr/lib/code-server/lib/vscode/node_modules/vsda/rust/web/vsda.js
File not found: /usr/lib/code-server/lib/vscode/node_modules/vsda/rust/web/vsda_bg.wasm
File not found: /usr/lib/code-server/lib/vscode/node_modules/vsda/rust/web/vsda.js
File not found: /usr/lib/code-server/lib/vscode/node_modules/vsda/rust/web/vsda.js
[04:41:30] [172.18.0.3][07217f4c][ManagementConnection] Unknown reconnection token (never seen).
[04:41:30] [172.18.0.3][957a1ff8][ExtensionHostConnection] Unknown reconnection token (never seen).
File not found: /usr/lib/code-server/lib/vscode/node_modules/vsda/rust/web/vsda_bg.wasm
File not found: /usr/lib/code-server/lib/vscode/node_modules/vsda/rust/web/vsda.js
File not found: /usr/lib/code-server/lib/vscode/node_modules/vsda/rust/web/vsda.js
File not found: /usr/lib/code-server/lib/vscode/node_modules/vsda/rust/web/vsda_bg.wasm
File not found: /usr/lib/code-server/lib/vscode/node_modules/vsda/rust/web/vsda.js
[07:21:59] [172.18.0.5][67ae468c][ManagementConnection] Unknown reconnection token (never seen).
[07:22:00] [172.18.0.5][a5f9a796][ExtensionHostConnection] Unknown reconnection token (never seen).
File not found: /usr/lib/code-server/lib/vscode/node_modules/vsda/rust/web/vsda.js
File not found: /usr/lib/code-server/lib/vscode/node_modules/vsda/rust/web/vsda_bg.wasm
[2025-05-14T16:24:03.150Z] error Failed to get latest version [38;2;140;140;140m{"error":"https://api.github.com/repos/coder/code-server/releases/latest: 403"}[0m
File not found: /usr/lib/code-server/lib/vscode/node_modules/vsda/rust/web/vsda_bg.wasm
File not found: /usr/lib/code-server/lib/vscode/node_modules/vsda/rust/web/vsda.js
File not found: /usr/lib/code-server/lib/vscode/node_modules/vsda/rust/web/vsda.js
[08:27:47] [172.18.0.3][8e282770][ExtensionHostConnection] Unknown reconnection token (never seen).
[08:27:47] [172.18.0.3][98637026][ManagementConnection] Unknown reconnection token (never seen).
File not found: /usr/lib/code-server/lib/vscode/node_modules/vsda/rust/web/vsda_bg.wasm
File not found: /usr/lib/code-server/lib/vscode/node_modules/vsda/rust/web/vsda.js
File not found: /usr/lib/code-server/lib/vscode/node_modules/vsda/rust/web/vsda.js
