2025-05-15 08:27:51.832 [info] [main] Log level: Info
2025-05-15 08:27:51.833 [info] [main] Validating found git in: "git"
2025-05-15 08:27:51.833 [info] [main] Using git "2.39.5" from "git"
2025-05-15 08:27:51.833 [info] [Model][doInitialScan] Initial repository scan started
2025-05-15 08:27:51.833 [info] > git rev-parse --show-toplevel [2ms]
2025-05-15 08:27:51.833 [info] fatal: not a git repository (or any parent up to mount point /home)
Stopping at filesystem boundary (GIT_DISCOVERY_ACROSS_FILESYSTEM not set).
2025-05-15 08:27:51.833 [info] > git rev-parse --show-toplevel [5ms]
2025-05-15 08:27:51.833 [info] fatal: not a git repository (or any parent up to mount point /home)
Stopping at filesystem boundary (GIT_DISCOVERY_ACROSS_FILESYSTEM not set).
2025-05-15 08:27:51.833 [info] > git rev-parse --show-toplevel [7ms]
2025-05-15 08:27:51.833 [info] fatal: not a git repository (or any parent up to mount point /home)
Stopping at filesystem boundary (GIT_DISCOVERY_ACROSS_FILESYSTEM not set).
2025-05-15 08:27:51.834 [info] > git rev-parse --show-toplevel [4ms]
2025-05-15 08:27:51.834 [info] fatal: not a git repository (or any parent up to mount point /home)
Stopping at filesystem boundary (GIT_DISCOVERY_ACROSS_FILESYSTEM not set).
2025-05-15 08:27:51.846 [info] > git rev-parse --show-toplevel [9ms]
2025-05-15 08:27:51.863 [info] > git rev-parse --git-dir --git-common-dir [14ms]
2025-05-15 08:27:51.870 [info] [Model][openRepository] Opened repository (path): /home/coder/.oh-my-zsh
2025-05-15 08:27:51.871 [info] [Model][openRepository] Opened repository (real path): /home/coder/.oh-my-zsh
2025-05-15 08:27:51.876 [info] > git rev-parse --show-toplevel [3ms]
2025-05-15 08:27:51.876 [info] fatal: not a git repository (or any parent up to mount point /home)
Stopping at filesystem boundary (GIT_DISCOVERY_ACROSS_FILESYSTEM not set).
2025-05-15 08:27:51.878 [info] [Model][doInitialScan] Initial repository scan completed - repositories (1), closed repositories (0), parent repositories (0), unsafe repositories (0)
2025-05-15 08:27:51.884 [info] > git config --get commit.template [8ms]
2025-05-15 08:27:51.892 [info] > git for-each-ref --format=%(refname)%00%(upstream:short)%00%(objectname)%00%(upstream:track)%00%(upstream:remotename)%00%(upstream:remoteref) refs/heads/master refs/remotes/master [12ms]
2025-05-15 08:27:51.904 [info] > git for-each-ref --sort -committerdate --format %(refname)%00%(objectname)%00%(*objectname) [7ms]
2025-05-15 08:27:52.180 [info] > git status -z -uall [285ms]
2025-05-15 08:27:52.200 [info] > git config --get commit.template [3ms]
2025-05-15 08:27:52.204 [info] > git for-each-ref --format=%(refname)%00%(upstream:short)%00%(objectname)%00%(upstream:track)%00%(upstream:remotename)%00%(upstream:remoteref) refs/heads/master refs/remotes/master [10ms]
2025-05-15 08:27:52.222 [info] > git config --get --local branch.master.vscode-merge-base [16ms]
2025-05-15 08:27:52.224 [info] > git for-each-ref --format=%(refname)%00%(upstream:short)%00%(objectname)%00%(upstream:track)%00%(upstream:remotename)%00%(upstream:remoteref) refs/heads/master refs/remotes/master [25ms]
2025-05-15 08:27:52.241 [info] > git for-each-ref --sort -committerdate --format %(refname)%00%(objectname)%00%(*objectname) [13ms]
2025-05-15 08:27:52.242 [info] > git for-each-ref --format=%(refname)%00%(upstream:short)%00%(objectname)%00%(upstream:track)%00%(upstream:remotename)%00%(upstream:remoteref) refs/heads/origin/master refs/remotes/origin/master [18ms]
2025-05-15 08:27:52.252 [info] > git merge-base refs/heads/master refs/remotes/origin/master [8ms]
2025-05-15 08:27:52.261 [info] > git diff --name-status -z --diff-filter=ADMR c34c1da736f4f162206e1153e66850788f3e2e16...refs/remotes/origin/master [7ms]
2025-05-15 08:27:52.391 [info] > git check-ignore -v -z --stdin [3ms]
2025-05-15 08:27:52.480 [info] > git status -z -uall [253ms]
2025-05-15 08:27:53.655 [info] > git rev-parse --show-toplevel [6ms]
2025-05-15 08:27:53.655 [info] fatal: not a git repository (or any parent up to mount point /home)
Stopping at filesystem boundary (GIT_DISCOVERY_ACROSS_FILESYSTEM not set).
