2025-05-13 18:08:07.215 [info] Experiment 'pythonRecommendTensorboardExt' is active
2025-05-13 18:08:07.215 [info] Experiment 'pythonSurveyNotificationcf' is active
2025-05-13 18:08:07.215 [info] Experiment 'pythonTerminalEnvVarActivation' is active
2025-05-13 18:08:07.246 [warning] Dir "/home/coder/.pixi/envs" is not watchable (directory does not exist)
2025-05-13 18:08:07.324 [info] Starting Environment refresh
2025-05-13 18:08:07.324 [info] Searching for interpreters in posix paths locator
2025-05-13 18:08:07.334 [info] Searching for pyenv environments
2025-05-13 18:08:07.334 [info] Searching for conda environments
2025-05-13 18:08:07.335 [info] Searching for global virtual environments
2025-05-13 18:08:07.335 [info] Searching for custom virtual environments
2025-05-13 18:08:07.424 [info] pyenv is not installed
2025-05-13 18:08:07.424 [info] Finished searching for pyenv environments: 99 milliseconds
2025-05-13 18:08:07.425 [info] Finished searching for custom virtual envs: 98 milliseconds
2025-05-13 18:08:07.431 [info] > conda info --json
2025-05-13 18:08:07.437 [info] > hatch env show --json
2025-05-13 18:08:07.438 [info] cwd: .
2025-05-13 18:08:07.443 [info] > pyenv which python
2025-05-13 18:08:07.443 [info] cwd: .
2025-05-13 18:08:07.443 [info] Finished searching for global virtual envs: 116 milliseconds
2025-05-13 18:08:07.504 [info] Finished searching for interpreters in posix paths locator: 182 milliseconds
2025-05-13 18:08:07.504 [info] Environments refresh paths discovered (event): 183 milliseconds
2025-05-13 18:08:07.504 [info] Environments refresh finished (event): 183 milliseconds
2025-05-13 18:08:07.504 [info] Environments refresh paths discovered: 183 milliseconds
2025-05-13 18:08:07.507 [info] Environment refresh took 187 milliseconds
2025-05-13 18:08:07.515 [info] > python -c "import sys;print(sys.executable)"
2025-05-13 18:08:07.518 [error] [Error: Command failed: python -c "import sys;print(sys.executable)"
/bin/sh: 1: python: not found

	at genericNodeError (node:internal/errors:984:15)
	at wrappedFn (node:internal/errors:538:14)
	at ChildProcess.exithandler (node:child_process:422:12)
	at ChildProcess.emit (node:events:536:35)
	at maybeClose (node:internal/child_process:1104:16)
	at Socket.<anonymous> (node:internal/child_process:456:11)
	at Socket.emit (node:events:524:28)
	at Pipe.<anonymous> (node:net:343:12)] {
  code: 127,
  killed: false,
  signal: null,
  cmd: 'python -c "import sys;print(sys.executable)"'
}
2025-05-13 18:08:07.524 [info] > pyenv which python
2025-05-13 18:08:07.524 [info] cwd: .
2025-05-13 18:08:07.538 [error] Unable to start Jedi language server as a valid interpreter is not selected
2025-05-13 18:08:07.651 [info] Shell integration status changed, can confirm it's working.
2025-05-13 18:08:08.813 [error] Cannot trigger test discovery as a valid interpreter is not selected
2025-05-13 18:08:13.176 [info] Starting Environment refresh
2025-05-13 18:08:13.176 [info] Searching for interpreters in posix paths locator
2025-05-13 18:08:13.177 [info] Searching for pyenv environments
2025-05-13 18:08:13.177 [info] Searching for conda environments
2025-05-13 18:08:13.177 [info] Searching for global virtual environments
2025-05-13 18:08:13.177 [info] Searching for custom virtual environments
2025-05-13 18:08:13.180 [info] pyenv is not installed
2025-05-13 18:08:13.180 [info] Finished searching for pyenv environments: 4 milliseconds
2025-05-13 18:08:13.181 [info] Finished searching for custom virtual envs: 4 milliseconds
2025-05-13 18:08:13.181 [info] Finished searching for global virtual envs: 5 milliseconds
2025-05-13 18:08:13.199 [info] Finished searching for interpreters in posix paths locator: 25 milliseconds
2025-05-13 18:08:13.199 [info] Environments refresh paths discovered (event): 25 milliseconds
2025-05-13 18:08:13.199 [info] Environments refresh finished (event): 25 milliseconds
2025-05-13 18:08:13.199 [info] Environments refresh paths discovered: 25 milliseconds
2025-05-13 18:08:13.200 [info] Environment refresh took 27 milliseconds
2025-05-13 18:08:17.232 [info] Active interpreter [/home/coder]:  /home/coder/Projects/project1/index.py
2025-05-13 18:08:17.273 [info] > ./Projects/project1/index.py -I ./.local/share/code-server/extensions/ms-python.python-2025.4.0-universal/python_files/get_output_via_markers.py ./.local/share/code-server/extensions/ms-python.python-2025.4.0-universal/python_files/interpreterInfo.py
2025-05-13 18:08:17.276 [error] [Error: Command failed: /home/coder/Projects/project1/index.py -I /home/coder/.local/share/code-server/extensions/ms-python.python-2025.4.0-universal/python_files/get_output_via_markers.py /home/coder/.local/share/code-server/extensions/ms-python.python-2025.4.0-universal/python_files/interpreterInfo.py
/bin/sh: 1: /home/coder/Projects/project1/index.py: Permission denied

	at genericNodeError (node:internal/errors:984:15)
	at wrappedFn (node:internal/errors:538:14)
	at ChildProcess.exithandler (node:child_process:422:12)
	at ChildProcess.emit (node:events:536:35)
	at maybeClose (node:internal/child_process:1104:16)
	at ChildProcess._handle.onexit (node:internal/child_process:304:5)] {
  code: 126,
  killed: false,
  signal: null,
  cmd: '/home/coder/Projects/project1/index.py -I /home/coder/.local/share/code-server/extensions/ms-python.python-2025.4.0-universal/python_files/get_output_via_markers.py /home/coder/.local/share/code-server/extensions/ms-python.python-2025.4.0-universal/python_files/interpreterInfo.py'
}
2025-05-13 18:08:19.282 [info] > ./Projects/project1/index.py -I ./.local/share/code-server/extensions/ms-python.python-2025.4.0-universal/python_files/get_output_via_markers.py ./.local/share/code-server/extensions/ms-python.python-2025.4.0-universal/python_files/interpreterInfo.py
2025-05-13 18:08:19.285 [error] [Error: Command failed: /home/coder/Projects/project1/index.py -I /home/coder/.local/share/code-server/extensions/ms-python.python-2025.4.0-universal/python_files/get_output_via_markers.py /home/coder/.local/share/code-server/extensions/ms-python.python-2025.4.0-universal/python_files/interpreterInfo.py
/bin/sh: 1: /home/coder/Projects/project1/index.py: Permission denied

	at genericNodeError (node:internal/errors:984:15)
	at wrappedFn (node:internal/errors:538:14)
	at ChildProcess.exithandler (node:child_process:422:12)
	at ChildProcess.emit (node:events:536:35)
	at maybeClose (node:internal/child_process:1104:16)
	at Socket.<anonymous> (node:internal/child_process:456:11)
	at Socket.emit (node:events:524:28)
	at Pipe.<anonymous> (node:net:343:12)] {
  code: 126,
  killed: false,
  signal: null,
  cmd: '/home/coder/Projects/project1/index.py -I /home/coder/.local/share/code-server/extensions/ms-python.python-2025.4.0-universal/python_files/get_output_via_markers.py /home/coder/.local/share/code-server/extensions/ms-python.python-2025.4.0-universal/python_files/interpreterInfo.py'
}
2025-05-13 18:08:19.286 [error] Unable to start Jedi language server as a valid interpreter is not selected
2025-05-13 18:08:20.899 [info] Starting Environment refresh
2025-05-13 18:08:20.899 [info] Searching for interpreters in posix paths locator
2025-05-13 18:08:20.899 [info] Searching for pyenv environments
2025-05-13 18:08:20.899 [info] Searching for conda environments
2025-05-13 18:08:20.899 [info] Searching for global virtual environments
2025-05-13 18:08:20.900 [info] Searching for custom virtual environments
2025-05-13 18:08:20.901 [info] pyenv is not installed
2025-05-13 18:08:20.901 [info] Finished searching for pyenv environments: 2 milliseconds
2025-05-13 18:08:20.902 [info] Finished searching for custom virtual envs: 3 milliseconds
2025-05-13 18:08:20.903 [info] Finished searching for global virtual envs: 3 milliseconds
2025-05-13 18:08:20.922 [info] Finished searching for interpreters in posix paths locator: 25 milliseconds
2025-05-13 18:08:20.923 [info] Environments refresh paths discovered (event): 26 milliseconds
2025-05-13 18:08:20.923 [info] Environments refresh finished (event): 26 milliseconds
2025-05-13 18:08:20.923 [info] Environments refresh paths discovered: 26 milliseconds
2025-05-13 18:08:20.923 [info] Environment refresh took 26 milliseconds
