2025-05-13 17:43:46.135 [info] Extension host with pid 1909 started
2025-05-13 17:43:46.135 [error] Error: EEXIST: file already exists, open '/home/coder/.local/share/code-server/User/workspaceStorage/-b86df8a/vscode.lock'
2025-05-13 17:43:46.135 [info] Lock '/home/coder/.local/share/code-server/User/workspaceStorage/-b86df8a/vscode.lock': Could not acquire lock, checking if the file is stale.
2025-05-13 17:43:46.140 [info] Lock '/home/coder/.local/share/code-server/User/workspaceStorage/-b86df8a/vscode.lock': The lock does not look stale, elapsed: 450 ms, giving up.
2025-05-13 17:43:46.141 [error] Error: EEXIST: file already exists, open '/home/coder/.local/share/code-server/User/workspaceStorage/-b86df8a-1/vscode.lock'
2025-05-13 17:43:46.148 [info] Lock '/home/coder/.local/share/code-server/User/workspaceStorage/-b86df8a-1/vscode.lock': Could not acquire lock, checking if the file is stale.
2025-05-13 17:43:46.156 [info] Lock '/home/coder/.local/share/code-server/User/workspaceStorage/-b86df8a-1/vscode.lock': The pid 9133 appears to be gone.
2025-05-13 17:43:46.156 [info] Lock '/home/coder/.local/share/code-server/User/workspaceStorage/-b86df8a-1/vscode.lock': Deleting a stale lock.
2025-05-13 17:43:46.269 [info] ExtensionService#_doActivateExtension vscode.emmet, startup: false, activationEvent: 'onLanguage'
2025-05-13 17:43:46.271 [info] ExtensionService#_doActivateExtension ms-python.python, startup: false, activationEvent: 'onLanguage:python', root cause: ms-python.debugpy
2025-05-13 17:43:46.749 [info] Lock '/home/coder/.local/share/code-server/User/workspaceStorage/-b86df8a-1/vscode.lock': Lock acquired.
2025-05-13 17:43:46.759 [info] ExtensionService#_doActivateExtension vscode.configuration-editing, startup: false, activationEvent: 'onLanguage:jsonc'
2025-05-13 17:43:46.761 [info] ExtensionService#_doActivateExtension vscode.json-language-features, startup: false, activationEvent: 'onLanguage:jsonc'
2025-05-13 17:43:46.761 [info] ExtensionService#_doActivateExtension vscode.typescript-language-features, startup: false, activationEvent: 'onLanguage:jsonc'
2025-05-13 17:43:47.255 [info] ExtensionService#_doActivateExtension ms-python.debugpy, startup: false, activationEvent: 'onLanguage:python'
2025-05-13 17:43:47.347 [info] ExtensionService#_doActivateExtension vscode.git-base, startup: true, activationEvent: '*', root cause: vscode.git
2025-05-13 17:43:47.742 [info] ExtensionService#_doActivateExtension vscode.git, startup: true, activationEvent: '*'
2025-05-13 17:43:47.742 [info] ExtensionService#_doActivateExtension vscode.github, startup: true, activationEvent: '*'
2025-05-13 17:43:47.934 [info] Eager extensions activated
2025-05-13 17:43:47.935 [info] ExtensionService#_doActivateExtension vscode.debug-auto-launch, startup: false, activationEvent: 'onStartupFinished'
2025-05-13 17:43:47.935 [info] ExtensionService#_doActivateExtension vscode.merge-conflict, startup: false, activationEvent: 'onStartupFinished'
2025-05-13 17:43:47.935 [info] ExtensionService#_doActivateExtension PKief.material-icon-theme, startup: false, activationEvent: 'onStartupFinished'
2025-05-13 17:43:47.936 [info] ExtensionService#_doActivateExtension zhuangtongfa.material-theme, startup: false, activationEvent: 'onStartupFinished'
2025-05-13 17:43:48.294 [info] ExtensionService#_doActivateExtension vscode.github-authentication, startup: false, activationEvent: 'onAuthenticationRequest:github'
2025-05-13 17:45:20.690 [info] ExtensionService#_doActivateExtension vscode.npm, startup: false, activationEvent: 'onTerminalQuickFixRequest:ms-vscode.npm-command'
2025-05-13 17:45:25.927 [info] ExtensionService#_doActivateExtension vscode.extension-editing, startup: false, activationEvent: 'onLanguage:json'
2025-05-13 18:28:46.011 [info] Extension host terminating: received terminate message from renderer
2025-05-13 18:28:46.012 [info] Lock '/home/coder/.local/share/code-server/User/workspaceStorage/-b86df8a-1/vscode.lock': Marking the lockfile as scheduled to be released in 6000 ms.
2025-05-13 18:28:46.143 [info] Extension host with pid 1909 exiting with code 0
