2025-05-14 04:45:25.425 [info] [main] Log level: Info
2025-05-14 04:45:25.425 [info] [main] Validating found git in: "git"
2025-05-14 04:45:25.425 [info] [main] Using git "2.39.5" from "git"
2025-05-14 04:45:25.425 [info] [Model][doInitialScan] Initial repository scan started
2025-05-14 04:45:25.425 [info] > git rev-parse --show-toplevel [2ms]
2025-05-14 04:45:25.425 [info] fatal: not a git repository (or any parent up to mount point /home)
Stopping at filesystem boundary (GIT_DISCOVERY_ACROSS_FILESYSTEM not set).
2025-05-14 04:45:25.425 [info] > git rev-parse --show-toplevel [2ms]
2025-05-14 04:45:25.425 [info] fatal: not a git repository (or any parent up to mount point /home)
Stopping at filesystem boundary (GIT_DISCOVERY_ACROSS_FILESYSTEM not set).
2025-05-14 04:45:25.425 [info] > git rev-parse --show-toplevel [6ms]
2025-05-14 04:45:25.425 [info] fatal: not a git repository (or any parent up to mount point /home)
Stopping at filesystem boundary (GIT_DISCOVERY_ACROSS_FILESYSTEM not set).
2025-05-14 04:45:25.425 [info] > git rev-parse --show-toplevel [14ms]
2025-05-14 04:45:25.425 [info] fatal: not a git repository (or any parent up to mount point /home)
Stopping at filesystem boundary (GIT_DISCOVERY_ACROSS_FILESYSTEM not set).
2025-05-14 04:45:25.425 [info] > git rev-parse --show-toplevel [22ms]
2025-05-14 04:45:25.425 [info] fatal: not a git repository (or any parent up to mount point /home)
Stopping at filesystem boundary (GIT_DISCOVERY_ACROSS_FILESYSTEM not set).
2025-05-14 04:45:25.425 [info] > git rev-parse --show-toplevel [4ms]
2025-05-14 04:45:25.438 [info] > git rev-parse --git-dir --git-common-dir [13ms]
2025-05-14 04:45:25.453 [info] [Model][openRepository] Opened repository (path): /home/coder/.oh-my-zsh
2025-05-14 04:45:25.453 [info] [Model][openRepository] Opened repository (real path): /home/coder/.oh-my-zsh
2025-05-14 04:45:25.472 [info] > git config --get commit.template [14ms]
2025-05-14 04:45:25.473 [info] > git rev-parse --show-toplevel [10ms]
2025-05-14 04:45:25.473 [info] fatal: not a git repository (or any parent up to mount point /home)
Stopping at filesystem boundary (GIT_DISCOVERY_ACROSS_FILESYSTEM not set).
2025-05-14 04:45:25.476 [info] [Model][doInitialScan] Initial repository scan completed - repositories (1), closed repositories (0), parent repositories (0), unsafe repositories (0)
2025-05-14 04:45:25.484 [info] > git for-each-ref --format=%(refname)%00%(upstream:short)%00%(objectname)%00%(upstream:track)%00%(upstream:remotename)%00%(upstream:remoteref) refs/heads/master refs/remotes/master [3ms]
2025-05-14 04:45:25.500 [info] > git for-each-ref --sort -committerdate --format %(refname)%00%(objectname)%00%(*objectname) [6ms]
2025-05-14 04:45:25.563 [info] > git status -z -uall [73ms]
2025-05-14 04:45:25.606 [info] > git for-each-ref --format=%(refname)%00%(upstream:short)%00%(objectname)%00%(upstream:track)%00%(upstream:remotename)%00%(upstream:remoteref) refs/heads/master refs/remotes/master [7ms]
2025-05-14 04:45:25.613 [info] > git config --get commit.template [7ms]
2025-05-14 04:45:25.619 [info] > git config --get --local branch.master.vscode-merge-base [7ms]
2025-05-14 04:45:25.625 [info] > git for-each-ref --format=%(refname)%00%(upstream:short)%00%(objectname)%00%(upstream:track)%00%(upstream:remotename)%00%(upstream:remoteref) refs/heads/master refs/remotes/master [7ms]
2025-05-14 04:45:25.675 [info] > git for-each-ref --format=%(refname)%00%(upstream:short)%00%(objectname)%00%(upstream:track)%00%(upstream:remotename)%00%(upstream:remoteref) refs/heads/origin/master refs/remotes/origin/master [51ms]
2025-05-14 04:45:25.694 [info] > git for-each-ref --sort -committerdate --format %(refname)%00%(objectname)%00%(*objectname) [20ms]
2025-05-14 04:45:25.695 [info] > git merge-base refs/heads/master refs/remotes/origin/master [15ms]
2025-05-14 04:45:25.730 [info] > git diff --name-status -z --diff-filter=ADMR c34c1da736f4f162206e1153e66850788f3e2e16...refs/remotes/origin/master [29ms]
2025-05-14 04:45:25.741 [info] > git status -z -uall [72ms]
2025-05-14 04:45:25.767 [info] > git rev-parse --show-toplevel [2ms]
2025-05-14 04:45:25.767 [info] fatal: not a git repository (or any parent up to mount point /home)
Stopping at filesystem boundary (GIT_DISCOVERY_ACROSS_FILESYSTEM not set).
2025-05-14 04:45:26.018 [info] > git check-ignore -v -z --stdin [2ms]
