2025-05-13 17:39:56.279 [info] Extension host with pid 636 started
2025-05-13 17:39:56.279 [error] Error: EEXIST: file already exists, open '/home/coder/.local/share/code-server/User/workspaceStorage/-b86df8a/vscode.lock'
2025-05-13 17:39:56.370 [info] Lock '/home/coder/.local/share/code-server/User/workspaceStorage/-b86df8a/vscode.lock': Could not acquire lock, checking if the file is stale.
2025-05-13 17:39:56.382 [info] ExtensionService#_doActivateExtension vscode.emmet, startup: false, activationEvent: 'onLanguage'
2025-05-13 17:39:56.463 [info] Lock '/home/coder/.local/share/code-server/User/workspaceStorage/-b86df8a/vscode.lock': The pid 5458 appears to be gone.
2025-05-13 17:39:56.463 [info] Lock '/home/coder/.local/share/code-server/User/workspaceStorage/-b86df8a/vscode.lock': Deleting a stale lock.
2025-05-13 17:39:56.529 [info] Lock '/home/coder/.local/share/code-server/User/workspaceStorage/-b86df8a/vscode.lock': Lock acquired.
2025-05-13 17:39:56.568 [info] ExtensionService#_doActivateExtension vscode.git-base, startup: true, activationEvent: '*', root cause: vscode.git
2025-05-13 17:39:56.595 [info] ExtensionService#_doActivateExtension vscode.git, startup: true, activationEvent: '*'
2025-05-13 17:39:56.596 [info] ExtensionService#_doActivateExtension vscode.github, startup: true, activationEvent: '*'
2025-05-13 17:39:56.989 [info] Eager extensions activated
2025-05-13 17:39:56.990 [info] ExtensionService#_doActivateExtension vscode.debug-auto-launch, startup: false, activationEvent: 'onStartupFinished'
2025-05-13 17:39:56.990 [info] ExtensionService#_doActivateExtension vscode.merge-conflict, startup: false, activationEvent: 'onStartupFinished'
2025-05-13 17:39:56.991 [info] ExtensionService#_doActivateExtension PKief.material-icon-theme, startup: false, activationEvent: 'onStartupFinished'
2025-05-13 17:39:56.991 [info] ExtensionService#_doActivateExtension zhuangtongfa.material-theme, startup: false, activationEvent: 'onStartupFinished'
2025-05-13 17:39:57.825 [info] ExtensionService#_doActivateExtension vscode.github-authentication, startup: false, activationEvent: 'onAuthenticationRequest:github'
2025-05-13 18:07:06.118 [info] ExtensionService#_doActivateExtension vscode.npm, startup: false, activationEvent: 'onTerminalQuickFixRequest:ms-vscode.npm-command'
2025-05-13 18:07:11.555 [info] ExtensionService#_doActivateExtension vscode.configuration-editing, startup: false, activationEvent: 'onLanguage:json'
2025-05-13 18:07:11.556 [info] ExtensionService#_doActivateExtension vscode.extension-editing, startup: false, activationEvent: 'onLanguage:json'
2025-05-13 18:07:11.557 [info] ExtensionService#_doActivateExtension vscode.json-language-features, startup: false, activationEvent: 'onLanguage:json'
2025-05-13 18:07:27.399 [info] ExtensionService#_doActivateExtension vscode.markdown-language-features, startup: false, activationEvent: 'onLanguage:markdown'
2025-05-13 18:07:27.965 [info] ExtensionService#_doActivateExtension vscode.markdown-math, startup: false, activationEvent: 'api', root cause: vscode.markdown-language-features
2025-05-13 18:07:33.823 [info] Extension host terminating: received terminate message from renderer
2025-05-13 18:07:33.824 [info] Lock '/home/coder/.local/share/code-server/User/workspaceStorage/-b86df8a/vscode.lock': Marking the lockfile as scheduled to be released in 6000 ms.
2025-05-13 18:07:33.924 [info] Extension host with pid 636 exiting with code 0
