2025-05-14 04:45:23.656 [info] Extension host with pid 529 started
2025-05-14 04:45:23.656 [error] Error: EEXIST: file already exists, open '/home/coder/.local/share/code-server/User/workspaceStorage/-b86df8a/vscode.lock'
2025-05-14 04:45:23.656 [info] Lock '/home/coder/.local/share/code-server/User/workspaceStorage/-b86df8a/vscode.lock': Could not acquire lock, checking if the file is stale.
2025-05-14 04:45:23.661 [info] Lock '/home/coder/.local/share/code-server/User/workspaceStorage/-b86df8a/vscode.lock': The pid 684 appears to be gone.
2025-05-14 04:45:23.661 [info] Lock '/home/coder/.local/share/code-server/User/workspaceStorage/-b86df8a/vscode.lock': Deleting a stale lock.
2025-05-14 04:45:23.774 [info] ExtensionService#_doActivateExtension vscode.emmet, startup: false, activationEvent: 'onLanguage'
2025-05-14 04:45:23.776 [info] ExtensionService#_doActivateExtension ms-python.python, startup: false, activationEvent: 'onLanguage:python', root cause: ms-python.debugpy
2025-05-14 04:45:23.776 [info] ExtensionService#_doActivateExtension vscode.configuration-editing, startup: false, activationEvent: 'onLanguage:jsonc'
2025-05-14 04:45:23.777 [info] ExtensionService#_doActivateExtension vscode.json-language-features, startup: false, activationEvent: 'onLanguage:jsonc'
2025-05-14 04:45:23.778 [info] ExtensionService#_doActivateExtension vscode.typescript-language-features, startup: false, activationEvent: 'onLanguage:jsonc'
2025-05-14 04:45:24.382 [info] Lock '/home/coder/.local/share/code-server/User/workspaceStorage/-b86df8a/vscode.lock': Lock acquired.
2025-05-14 04:45:24.840 [info] ExtensionService#_doActivateExtension vscode.git-base, startup: true, activationEvent: '*', root cause: vscode.git
2025-05-14 04:45:24.887 [info] ExtensionService#_doActivateExtension ms-python.debugpy, startup: false, activationEvent: 'onLanguage:python'
2025-05-14 04:45:24.991 [info] ExtensionService#_doActivateExtension vscode.git, startup: true, activationEvent: '*'
2025-05-14 04:45:24.992 [info] ExtensionService#_doActivateExtension vscode.github, startup: true, activationEvent: '*'
2025-05-14 04:45:25.230 [info] Eager extensions activated
2025-05-14 04:45:25.231 [info] ExtensionService#_doActivateExtension vscode.debug-auto-launch, startup: false, activationEvent: 'onStartupFinished'
2025-05-14 04:45:25.231 [info] ExtensionService#_doActivateExtension vscode.merge-conflict, startup: false, activationEvent: 'onStartupFinished'
2025-05-14 04:45:25.232 [info] ExtensionService#_doActivateExtension PKief.material-icon-theme, startup: false, activationEvent: 'onStartupFinished'
2025-05-14 04:45:25.232 [info] ExtensionService#_doActivateExtension zhuangtongfa.material-theme, startup: false, activationEvent: 'onStartupFinished'
2025-05-14 04:45:25.626 [info] ExtensionService#_doActivateExtension vscode.github-authentication, startup: false, activationEvent: 'onAuthenticationRequest:github'
2025-05-14 07:11:11.981 [info] Extension host terminating: received terminate message from renderer
2025-05-14 07:11:11.982 [info] Lock '/home/coder/.local/share/code-server/User/workspaceStorage/-b86df8a/vscode.lock': Marking the lockfile as scheduled to be released in 6000 ms.
2025-05-14 07:11:12.081 [info] Extension host with pid 529 exiting with code 0
