2025-05-15 08:26:15.595 [info] [main] Log level: Info
2025-05-15 08:26:15.596 [info] [main] Validating found git in: "git"
2025-05-15 08:26:15.596 [info] [main] Using git "2.39.5" from "git"
2025-05-15 08:26:15.596 [info] [Model][doInitialScan] Initial repository scan started
2025-05-15 08:26:15.596 [info] > git rev-parse --show-toplevel [7ms]
2025-05-15 08:26:15.596 [info] fatal: not a git repository (or any parent up to mount point /home)
Stopping at filesystem boundary (GIT_DISCOVERY_ACROSS_FILESYSTEM not set).
2025-05-15 08:26:15.596 [info] > git rev-parse --show-toplevel [30ms]
2025-05-15 08:26:15.596 [info] fatal: not a git repository (or any parent up to mount point /home)
Stopping at filesystem boundary (GIT_DISCOVERY_ACROSS_FILESYSTEM not set).
2025-05-15 08:26:15.597 [info] > git rev-parse --show-toplevel [4ms]
2025-05-15 08:26:15.597 [info] fatal: not a git repository (or any parent up to mount point /home)
Stopping at filesystem boundary (GIT_DISCOVERY_ACROSS_FILESYSTEM not set).
2025-05-15 08:26:15.613 [info] > git rev-parse --show-toplevel [13ms]
2025-05-15 08:26:15.613 [info] fatal: not a git repository (or any parent up to mount point /home)
Stopping at filesystem boundary (GIT_DISCOVERY_ACROSS_FILESYSTEM not set).
2025-05-15 08:26:15.620 [info] > git rev-parse --show-toplevel [6ms]
2025-05-15 08:26:15.625 [info] > git rev-parse --git-dir --git-common-dir [3ms]
2025-05-15 08:26:15.631 [info] [Model][openRepository] Opened repository (path): /home/coder/.oh-my-zsh
2025-05-15 08:26:15.631 [info] [Model][openRepository] Opened repository (real path): /home/coder/.oh-my-zsh
2025-05-15 08:26:15.640 [info] > git rev-parse --show-toplevel [6ms]
2025-05-15 08:26:15.640 [info] fatal: not a git repository (or any parent up to mount point /home)
Stopping at filesystem boundary (GIT_DISCOVERY_ACROSS_FILESYSTEM not set).
2025-05-15 08:26:15.644 [info] [Model][doInitialScan] Initial repository scan completed - repositories (1), closed repositories (0), parent repositories (0), unsafe repositories (0)
2025-05-15 08:26:15.647 [info] > git config --get commit.template [13ms]
2025-05-15 08:26:15.661 [info] > git for-each-ref --format=%(refname)%00%(upstream:short)%00%(objectname)%00%(upstream:track)%00%(upstream:remotename)%00%(upstream:remoteref) refs/heads/master refs/remotes/master [21ms]
2025-05-15 08:26:15.670 [info] > git for-each-ref --sort -committerdate --format %(refname)%00%(objectname)%00%(*objectname) [5ms]
2025-05-15 08:26:15.909 [info] > git status -z -uall [245ms]
2025-05-15 08:26:15.949 [info] > git config --get commit.template [7ms]
2025-05-15 08:26:15.972 [info] > git for-each-ref --format=%(refname)%00%(upstream:short)%00%(objectname)%00%(upstream:track)%00%(upstream:remotename)%00%(upstream:remoteref) refs/heads/master refs/remotes/master [24ms]
2025-05-15 08:26:15.972 [info] > git for-each-ref --format=%(refname)%00%(upstream:short)%00%(objectname)%00%(upstream:track)%00%(upstream:remotename)%00%(upstream:remoteref) refs/heads/master refs/remotes/master [33ms]
2025-05-15 08:26:15.998 [info] > git for-each-ref --sort -committerdate --format %(refname)%00%(objectname)%00%(*objectname) [17ms]
2025-05-15 08:26:15.999 [info] > git config --get --local branch.master.vscode-merge-base [25ms]
2025-05-15 08:26:16.006 [info] > git for-each-ref --format=%(refname)%00%(upstream:short)%00%(objectname)%00%(upstream:track)%00%(upstream:remotename)%00%(upstream:remoteref) refs/heads/origin/master refs/remotes/origin/master [6ms]
2025-05-15 08:26:16.024 [info] > git merge-base refs/heads/master refs/remotes/origin/master [16ms]
2025-05-15 08:26:16.036 [info] > git diff --name-status -z --diff-filter=ADMR c34c1da736f4f162206e1153e66850788f3e2e16...refs/remotes/origin/master [10ms]
2025-05-15 08:26:16.159 [info] > git check-ignore -v -z --stdin [4ms]
2025-05-15 08:26:16.279 [info] > git status -z -uall [300ms]
