2025-05-13 17:39:56.949 [info] [main] Log level: Info
2025-05-13 17:39:56.949 [info] [main] Validating found git in: "git"
2025-05-13 17:39:56.985 [info] [main] Using git "2.39.5" from "git"
2025-05-13 17:39:56.985 [info] [Model][doInitialScan] Initial repository scan started
2025-05-13 17:39:57.198 [info] > git rev-parse --show-toplevel [8ms]
2025-05-13 17:39:57.198 [info] fatal: not a git repository (or any parent up to mount point /home)
Stopping at filesystem boundary (GIT_DISCOVERY_ACROSS_FILESYSTEM not set).
2025-05-13 17:39:57.265 [info] > git rev-parse --show-toplevel [2ms]
2025-05-13 17:39:57.265 [info] fatal: not a git repository (or any parent up to mount point /home)
Stopping at filesystem boundary (GIT_DISCOVERY_ACROSS_FILESYSTEM not set).
2025-05-13 17:39:57.271 [info] > git rev-parse --show-toplevel [2ms]
2025-05-13 17:39:57.271 [info] fatal: not a git repository (or any parent up to mount point /home)
Stopping at filesystem boundary (GIT_DISCOVERY_ACROSS_FILESYSTEM not set).
2025-05-13 17:39:57.277 [info] > git rev-parse --show-toplevel [3ms]
2025-05-13 17:39:57.277 [info] fatal: not a git repository (or any parent up to mount point /home)
Stopping at filesystem boundary (GIT_DISCOVERY_ACROSS_FILESYSTEM not set).
2025-05-13 17:39:57.293 [info] > git rev-parse --show-toplevel [12ms]
2025-05-13 17:39:57.299 [info] > git rev-parse --git-dir --git-common-dir [2ms]
2025-05-13 17:39:57.318 [info] [Model][openRepository] Opened repository (path): /home/coder/.oh-my-zsh
2025-05-13 17:39:57.318 [info] [Model][openRepository] Opened repository (real path): /home/coder/.oh-my-zsh
2025-05-13 17:39:57.329 [info] > git config --get commit.template [4ms]
2025-05-13 17:39:57.330 [info] > git rev-parse --show-toplevel [3ms]
2025-05-13 17:39:57.330 [info] fatal: not a git repository (or any parent up to mount point /home)
Stopping at filesystem boundary (GIT_DISCOVERY_ACROSS_FILESYSTEM not set).
2025-05-13 17:39:57.334 [info] [Model][doInitialScan] Initial repository scan completed - repositories (1), closed repositories (0), parent repositories (0), unsafe repositories (0)
2025-05-13 17:39:57.405 [info] > git for-each-ref --format=%(refname)%00%(upstream:short)%00%(objectname)%00%(upstream:track)%00%(upstream:remotename)%00%(upstream:remoteref) refs/heads/master refs/remotes/master [67ms]
2025-05-13 17:39:57.422 [info] > git for-each-ref --sort -committerdate --format %(refname)%00%(objectname)%00%(*objectname) [3ms]
2025-05-13 17:39:57.697 [info] > git status -z -uall [284ms]
2025-05-13 17:39:57.795 [info] > git for-each-ref --format=%(refname)%00%(upstream:short)%00%(objectname)%00%(upstream:track)%00%(upstream:remotename)%00%(upstream:remoteref) refs/heads/master refs/remotes/master [10ms]
2025-05-13 17:39:57.803 [info] > git config --get commit.template [8ms]
2025-05-13 17:39:57.804 [info] > git config --get --local branch.master.vscode-merge-base [4ms]
2025-05-13 17:39:57.816 [info] > git for-each-ref --format=%(refname)%00%(upstream:short)%00%(objectname)%00%(upstream:track)%00%(upstream:remotename)%00%(upstream:remoteref) refs/heads/origin/master refs/remotes/origin/master [6ms]
2025-05-13 17:39:57.824 [info] > git for-each-ref --format=%(refname)%00%(upstream:short)%00%(objectname)%00%(upstream:track)%00%(upstream:remotename)%00%(upstream:remoteref) refs/heads/master refs/remotes/master [10ms]
2025-05-13 17:39:57.896 [info] > git merge-base refs/heads/master refs/remotes/origin/master [74ms]
2025-05-13 17:39:57.900 [info] > git check-ignore -v -z --stdin [5ms]
2025-05-13 17:39:57.910 [info] > git diff --name-status -z --diff-filter=ADMR c34c1da736f4f162206e1153e66850788f3e2e16...refs/remotes/origin/master [11ms]
2025-05-13 17:39:57.911 [info] > git for-each-ref --sort -committerdate --format %(refname)%00%(objectname)%00%(*objectname) [2ms]
2025-05-13 17:39:57.975 [info] > git status -z -uall [70ms]
2025-05-13 18:06:47.116 [info] > git rev-parse --show-toplevel [3ms]
2025-05-13 18:06:47.116 [info] fatal: not a git repository (or any parent up to mount point /home)
Stopping at filesystem boundary (GIT_DISCOVERY_ACROSS_FILESYSTEM not set).
2025-05-13 18:06:55.162 [info] > git rev-parse --show-toplevel [2ms]
2025-05-13 18:06:55.162 [info] fatal: not a git repository (or any parent up to mount point /home)
Stopping at filesystem boundary (GIT_DISCOVERY_ACROSS_FILESYSTEM not set).
2025-05-13 18:06:56.187 [info] > git rev-parse --show-toplevel [2ms]
2025-05-13 18:06:56.187 [info] fatal: not a git repository (or any parent up to mount point /home)
Stopping at filesystem boundary (GIT_DISCOVERY_ACROSS_FILESYSTEM not set).
2025-05-13 18:06:56.723 [info] > git rev-parse --show-toplevel [2ms]
2025-05-13 18:06:56.723 [info] fatal: not a git repository (or any parent up to mount point /home)
Stopping at filesystem boundary (GIT_DISCOVERY_ACROSS_FILESYSTEM not set).
2025-05-13 18:07:09.237 [info] > git rev-parse --show-toplevel [2ms]
2025-05-13 18:07:09.237 [info] fatal: not a git repository (or any parent up to mount point /home)
Stopping at filesystem boundary (GIT_DISCOVERY_ACROSS_FILESYSTEM not set).
2025-05-13 18:07:11.771 [info] > git check-ignore -v -z --stdin [4ms]
2025-05-13 18:07:13.066 [info] > git check-ignore -v -z --stdin [3ms]
2025-05-13 18:07:14.569 [info] > git check-ignore -v -z --stdin [3ms]
2025-05-13 18:07:16.341 [info] > git show --textconv :.github/workflows/project.yml [8ms]
2025-05-13 18:07:16.343 [info] > git ls-files --stage -- .github/workflows/project.yml [3ms]
2025-05-13 18:07:16.352 [info] > git cat-file -s 2c2a1cdaafd122d92ec7ec3746f46950b34d0973 [2ms]
2025-05-13 18:07:17.063 [info] > git show --textconv :.github/workflows/main.yml [6ms]
2025-05-13 18:07:17.065 [info] > git ls-files --stage -- .github/workflows/main.yml [3ms]
2025-05-13 18:07:17.072 [info] > git cat-file -s 264ac31f3d5b33fda185cc09bd2fc8dd0446553e [3ms]
2025-05-13 18:07:18.514 [info] > git show --textconv :.github/workflows/project.yml [5ms]
2025-05-13 18:07:18.516 [info] > git ls-files --stage -- .github/workflows/project.yml [3ms]
2025-05-13 18:07:18.523 [info] > git cat-file -s 2c2a1cdaafd122d92ec7ec3746f46950b34d0973 [3ms]
2025-05-13 18:07:24.194 [info] > git show --textconv :.github/FUNDING.yml [5ms]
2025-05-13 18:07:24.196 [info] > git ls-files --stage -- .github/FUNDING.yml [2ms]
2025-05-13 18:07:24.203 [info] > git cat-file -s 6c86ac450ea26907c80808abd0bc41ae1d8159e8 [3ms]
2025-05-13 18:07:27.648 [info] > git show --textconv :.github/PULL_REQUEST_TEMPLATE.md [9ms]
2025-05-13 18:07:27.649 [info] > git ls-files --stage -- .github/PULL_REQUEST_TEMPLATE.md [2ms]
2025-05-13 18:07:27.656 [info] > git cat-file -s 5c94caeb5a9907aff9b724d51d20ef1b9986af63 [3ms]
2025-05-13 18:07:28.992 [info] > git blame --root --incremental c34c1da736f4f162206e1153e66850788f3e2e16 -- .github/PULL_REQUEST_TEMPLATE.md [11ms]
